#-----------------------------------------------------------
# Vivado v2020.2 (64-bit)
# SW Build 3064766 on Wed Nov 18 09:12:45 MST 2020
# IP Build 3064653 on Wed Nov 18 14:17:31 MST 2020
# Start of session at: Mon Jul 31 15:28:58 2023
# Process ID: 1644
# Current directory: C:/Users/mafassi/Desktop/lastMODIF
# Command line: vivado.exe -gui_launcher_event rodinguilauncherevent17996 C:\Users\mafassi\Desktop\lastMODIF\Microblaze5.xpr
# Log file: C:/Users/mafassi/Desktop/lastMODIF/vivado.log
# Journal file: C:/Users/mafassi/Desktop/lastMODIF\vivado.jou
#-----------------------------------------------------------
start_gui
open_project C:/Users/mafassi/Desktop/lastMODIF/Microblaze5.xpr
INFO: [Project 1-313] Project file moved from 'C:/Users/mafassi/Desktop/13MHz_UART - Copie/Working UART at 13Mhz/Microblaze5' since last save.
INFO: [filemgmt 56-1] IP Repository Path: Directory not found as 'C:/Users/mafassi/Desktop/ip_repo/LVDS_Buffer'; using path 'C:/Users/mafassi/Desktop/13MHz_UART - Copie/Working UART at 13Mhz/ip_repo/LVDS_Buffer' instead.
INFO: [filemgmt 56-1] IP Repository Path: Directory not found as 'C:/Users/mafassi/Desktop/ip_repo/uart_axifull_1.0'; using path 'C:/Users/mafassi/Desktop/13MHz_UART - Copie/Working UART at 13Mhz/ip_repo/uart_axifull_1.0' instead.
WARNING: [filemgmt 56-2] IP Repository Path: Could not find the directory 'C:/Users/mafassi/Desktop/ip_repo/my_custom_UART_1.0', nor could it be found using path 'C:/Users/mafassi/Desktop/13MHz_UART - Copie/Working UART at 13Mhz/ip_repo/my_custom_UART_1.0'.
INFO: [filemgmt 56-1] IP Repository Path: Directory not found as 'C:/Downloads/fifo_ip'; using path 'C:/Users/mafassi/Downloads/fifo_ip' instead.
Scanning sources...
Finished scanning sources
INFO: [IP_Flow 19-234] Refreshing IP repositories
INFO: [IP_Flow 19-1700] Loaded user IP repository 'c:/Users/mafassi/Desktop/13MHz_UART - Copie/Working UART at 13Mhz/ip_repo/LVDS_Buffer'.
INFO: [IP_Flow 19-1700] Loaded user IP repository 'c:/Users/mafassi/Desktop/13MHz_UART - Copie/Working UART at 13Mhz/ip_repo/uart_axifull_1.0'.
WARNING: [IP_Flow 19-2248] Failed to load user IP repository 'c:/Users/mafassi/Desktop/ip_repo/my_custom_UART_1.0'; Can't find the specified path.
If this directory should no longer be in your list of user repositories, go to the IP Settings dialog and remove it.
INFO: [IP_Flow 19-1700] Loaded user IP repository 'c:/Users/mafassi/Downloads/fifo_ip'.
INFO: [IP_Flow 19-2313] Loaded Vivado IP repository 'C:/Xilinx/Vivado/2020.2/data/ip'.
WARNING: [IP_Flow 19-3664] IP 'design_1_uart_axifull_0_3' generated file not found 'c:/Users/mafassi/Desktop/lastMODIF/Microblaze5.gen/sources_1/bd/design_1/ip/design_1_uart_axifull_0_3/design_1_uart_axifull_0_3.dcp'. Please regenerate to continue.
WARNING: [IP_Flow 19-3664] IP 'design_1_uart_axifull_0_3' generated file not found 'c:/Users/mafassi/Desktop/lastMODIF/Microblaze5.gen/sources_1/bd/design_1/ip/design_1_uart_axifull_0_3/design_1_uart_axifull_0_3_stub.v'. Please regenerate to continue.
WARNING: [IP_Flow 19-3664] IP 'design_1_uart_axifull_0_3' generated file not found 'c:/Users/mafassi/Desktop/lastMODIF/Microblaze5.gen/sources_1/bd/design_1/ip/design_1_uart_axifull_0_3/design_1_uart_axifull_0_3_stub.vhdl'. Please regenerate to continue.
WARNING: [IP_Flow 19-3664] IP 'design_1_uart_axifull_0_3' generated file not found 'c:/Users/mafassi/Desktop/lastMODIF/Microblaze5.gen/sources_1/bd/design_1/ip/design_1_uart_axifull_0_3/design_1_uart_axifull_0_3_sim_netlist.v'. Please regenerate to continue.
WARNING: [IP_Flow 19-3664] IP 'design_1_uart_axifull_0_3' generated file not found 'c:/Users/mafassi/Desktop/lastMODIF/Microblaze5.gen/sources_1/bd/design_1/ip/design_1_uart_axifull_0_3/design_1_uart_axifull_0_3_sim_netlist.vhdl'. Please regenerate to continue.
ERROR: [Vivado 12-106] *** Exception: java.lang.NullPointerException (See C:/Users/mafassi/Desktop/lastMODIF/vivado_pid1644.debug)
open_project: Time (s): cpu = 00:00:09 ; elapsed = 00:00:08 . Memory (MB): peak = 1118.953 ; gain = 0.000
ERROR: [Common 17-39] 'open_project' failed due to earlier errors.
exit
INFO: [Common 17-206] Exiting Vivado at Mon Jul 31 15:29:33 2023...
