#-----------------------------------------------------------
# Vivado v2020.2 (64-bit)
# SW Build 3064766 on Wed Nov 18 09:12:45 MST 2020
# IP Build 3064653 on Wed Nov 18 14:17:31 MST 2020
# Start of session at: Mon Aug  7 09:47:41 2023
# Process ID: 5616
# Current directory: C:/Users/mafassi/Desktop/13MHz_UART_25Ko_parity/Vivado project
# Command line: vivado.exe -gui_launcher_event rodinguilauncherevent26256 C:\Users\mafassi\Desktop\13MHz_UART_25Ko_parity\Vivado project\Microblaze5.xpr
# Log file: C:/Users/mafassi/Desktop/13MHz_UART_25Ko_parity/Vivado project/vivado.log
# Journal file: C:/Users/mafassi/Desktop/13MHz_UART_25Ko_parity/Vivado project\vivado.jou
#-----------------------------------------------------------
start_gui
open_project {C:/Users/mafassi/Desktop/13MHz_UART_25Ko_parity/Vivado project/Microblaze5.xpr}
INFO: [Project 1-313] Project file moved from 'C:/Users/mafassi/Desktop/lastMODIF' since last save.
INFO: [filemgmt 56-1] IP Repository Path: Directory not found as 'C:/Users/mafassi/Desktop/13MHz_UART_25Ko_parity/13MHz_UART - Copie/Working UART at 13Mhz/ip_repo/LVDS_Buffer'; using path 'C:/Users/mafassi/Desktop/13MHz_UART - Copie/Working UART at 13Mhz/ip_repo/LVDS_Buffer' instead.
INFO: [filemgmt 56-1] IP Repository Path: Directory not found as 'C:/Users/mafassi/Desktop/13MHz_UART_25Ko_parity/13MHz_UART - Copie/Working UART at 13Mhz/ip_repo/uart_axifull_1.0'; using path 'C:/Users/mafassi/Desktop/13MHz_UART - Copie/Working UART at 13Mhz/ip_repo/uart_axifull_1.0' instead.
WARNING: [filemgmt 56-2] IP Repository Path: Could not find the directory 'C:/Users/mafassi/Desktop/13MHz_UART_25Ko_parity/ip_repo/my_custom_UART_1.0', nor could it be found using path 'C:/Users/mafassi/Desktop/ip_repo/my_custom_UART_1.0'.
INFO: [filemgmt 56-1] IP Repository Path: Directory not found as 'C:/Users/mafassi/Desktop/Downloads/fifo_ip'; using path 'C:/Users/mafassi/Downloads/fifo_ip' instead.
Scanning sources...
Finished scanning sources
INFO: [IP_Flow 19-234] Refreshing IP repositories
INFO: [IP_Flow 19-1700] Loaded user IP repository 'c:/Users/mafassi/Desktop/13MHz_UART - Copie/Working UART at 13Mhz/ip_repo/LVDS_Buffer'.
INFO: [IP_Flow 19-1700] Loaded user IP repository 'c:/Users/mafassi/Desktop/13MHz_UART - Copie/Working UART at 13Mhz/ip_repo/uart_axifull_1.0'.
WARNING: [IP_Flow 19-2248] Failed to load user IP repository 'c:/Users/mafassi/Desktop/13MHz_UART_25Ko_parity/ip_repo/my_custom_UART_1.0'; Can't find the specified path.
If this directory should no longer be in your list of user repositories, go to the IP Settings dialog and remove it.
INFO: [IP_Flow 19-1700] Loaded user IP repository 'c:/Users/mafassi/Downloads/fifo_ip'.
INFO: [IP_Flow 19-2313] Loaded Vivado IP repository 'C:/Xilinx/Vivado/2020.2/data/ip'.
WARNING: [BD 41-1661] One or more IPs have been locked in the design 'design_1.bd'. Please run report_ip_status for more details and recommendations on how to fix this issue.
List of locked IPs:
design_1_uart_axifull_0_3

open_project: Time (s): cpu = 00:00:12 ; elapsed = 00:00:10 . Memory (MB): peak = 1117.238 ; gain = 0.000
INFO: [Vivado 12-8231] Launching Vitis
INFO: [Vivado 12-417] Running vitis
INFO: [Vivado 12-8232] Vitis launch initiated. Please check console for any further messages.
ipx::edit_ip_in_project -upgrade true -name uart_axifull_v1_0_project -directory {C:/Users/mafassi/Desktop/13MHz_UART_25Ko_parity/Vivado\ project/Microblaze5.tmp/uart_axifull_v1_0_project} {c:/Users/mafassi/Desktop/13MHz_UART - Copie/Working UART at 13Mhz/ip_repo/uart_axifull_1.0/component.xml}
INFO: [ProjectBase 1-489] The host OS only allows 260 characters in a normal path. The project is stored in a path with more than 80 characters. If you experience issues with IP, Block Designs, or files not being found, please consider moving the project to a location with a shorter path. Alternately consider using the OS subst command to map part of the path to a drive letter.
Current project path is 'c:/users/mafassi/desktop/13mhz_uart_25ko_parity/vivado project/microblaze5.tmp/uart_axifull_v1_0_project'
INFO: [IP_Flow 19-234] Refreshing IP repositories
INFO: [IP_Flow 19-1704] No user IP repositories specified
INFO: [IP_Flow 19-2313] Loaded Vivado IP repository 'C:/Xilinx/Vivado/2020.2/data/ip'.
INFO: [IP_Flow 19-234] Refreshing IP repositories
INFO: [IP_Flow 19-1700] Loaded user IP repository 'c:/Users/mafassi/Desktop/13MHz_UART - Copie/Working UART at 13Mhz/ip_repo/LVDS_Buffer'.
INFO: [IP_Flow 19-1700] Loaded user IP repository 'c:/Users/mafassi/Desktop/13MHz_UART - Copie/Working UART at 13Mhz/ip_repo/uart_axifull_1.0'.
WARNING: [IP_Flow 19-2248] Failed to load user IP repository 'c:/Users/mafassi/Desktop/13MHz_UART_25Ko_parity/ip_repo/my_custom_UART_1.0'; Can't find the specified path.
If this directory should no longer be in your list of user repositories, go to the IP Settings dialog and remove it.
INFO: [IP_Flow 19-1700] Loaded user IP repository 'c:/Users/mafassi/Downloads/fifo_ip'.
INFO: [IP_Flow 19-795] Syncing license key meta-data
update_compile_order -fileset sources_1
close_project
ipx::edit_ip_in_project -upgrade true -name uart_axifull_v1_0_project -directory {C:/Users/mafassi/Desktop/13MHz_UART_25Ko_parity/Vivado\ project/Microblaze5.tmp/uart_axifull_v1_0_project} {c:/Users/mafassi/Desktop/13MHz_UART - Copie/Working UART at 13Mhz/ip_repo/uart_axifull_1.0/component.xml}
INFO: [ProjectBase 1-489] The host OS only allows 260 characters in a normal path. The project is stored in a path with more than 80 characters. If you experience issues with IP, Block Designs, or files not being found, please consider moving the project to a location with a shorter path. Alternately consider using the OS subst command to map part of the path to a drive letter.
Current project path is 'c:/users/mafassi/desktop/13mhz_uart_25ko_parity/vivado project/microblaze5.tmp/uart_axifull_v1_0_project'
INFO: [IP_Flow 19-234] Refreshing IP repositories
INFO: [IP_Flow 19-1704] No user IP repositories specified
INFO: [IP_Flow 19-2313] Loaded Vivado IP repository 'C:/Xilinx/Vivado/2020.2/data/ip'.
INFO: [IP_Flow 19-234] Refreshing IP repositories
INFO: [IP_Flow 19-1700] Loaded user IP repository 'c:/Users/mafassi/Desktop/13MHz_UART - Copie/Working UART at 13Mhz/ip_repo/LVDS_Buffer'.
INFO: [IP_Flow 19-1700] Loaded user IP repository 'c:/Users/mafassi/Desktop/13MHz_UART - Copie/Working UART at 13Mhz/ip_repo/uart_axifull_1.0'.
WARNING: [IP_Flow 19-2248] Failed to load user IP repository 'c:/Users/mafassi/Desktop/13MHz_UART_25Ko_parity/ip_repo/my_custom_UART_1.0'; Can't find the specified path.
If this directory should no longer be in your list of user repositories, go to the IP Settings dialog and remove it.
INFO: [IP_Flow 19-1700] Loaded user IP repository 'c:/Users/mafassi/Downloads/fifo_ip'.
INFO: [IP_Flow 19-795] Syncing license key meta-data
update_compile_order -fileset sources_1
ipx::merge_project_changes files [ipx::current_core]
WARNING: [IP_Flow 19-5226] Project source file 'c:/Users/mafassi/Desktop/13MHz_UART - Copie/Working UART at 13Mhz/ip_repo/uart_axifull_1.0/component.xml' ignored by IP packager.
set_property core_revision 34 [ipx::current_core]
ipx::update_source_project_archive -component [ipx::current_core]
ipx::create_xgui_files [ipx::current_core]
ipx::update_checksums [ipx::current_core]
ipx::check_integrity [ipx::current_core]
INFO: [IP_Flow 19-2181] Payment Required is not set for this core.
INFO: [IP_Flow 19-2187] The Product Guide file is missing.
INFO: [Ipptcl 7-1486] check_integrity: Integrity check passed.
ipx::save_core [ipx::current_core]
ipx::move_temp_component_back -component [ipx::current_core]
close_project -delete
update_ip_catalog -rebuild -repo_path {c:/Users/mafassi/Desktop/13MHz_UART - Copie/Working UART at 13Mhz/ip_repo/uart_axifull_1.0}
INFO: [IP_Flow 19-725] Reloaded user IP repository 'c:/Users/mafassi/Desktop/13MHz_UART - Copie/Working UART at 13Mhz/ip_repo/uart_axifull_1.0'
open_bd_design {C:/Users/mafassi/Desktop/13MHz_UART_25Ko_parity/Vivado project/Microblaze5.srcs/sources_1/bd/design_1/design_1.bd}
Reading block design file <C:/Users/mafassi/Desktop/13MHz_UART_25Ko_parity/Vivado project/Microblaze5.srcs/sources_1/bd/design_1/design_1.bd>...
Adding component instance block -- xilinx.com:ip:lmb_bram_if_cntlr:4.0 - dlmb_bram_if_cntlr
Adding component instance block -- xilinx.com:ip:lmb_v10:3.0 - dlmb_v10
Adding component instance block -- xilinx.com:ip:lmb_bram_if_cntlr:4.0 - ilmb_bram_if_cntlr
Adding component instance block -- xilinx.com:ip:lmb_v10:3.0 - ilmb_v10
Adding component instance block -- xilinx.com:ip:blk_mem_gen:8.4 - lmb_bram
Adding component instance block -- Laudren.local:user:LVDS_Transmitter:1.0 - LVDS_Transmitter_0
Adding component instance block -- xilinx.com:ip:axi_quad_spi:3.2 - axi_quad_spi_0
Adding component instance block -- xilinx.com:ip:clk_wiz:6.0 - clk_wiz_1
Adding component instance block -- xilinx.com:ip:mdm:3.2 - mdm_1
Adding component instance block -- xilinx.com:ip:microblaze:11.0 - microblaze_0
Adding component instance block -- xilinx.com:ip:axi_intc:4.1 - microblaze_0_axi_intc
Adding component instance block -- xilinx.com:ip:axi_interconnect:2.1 - microblaze_0_axi_periph
Adding component instance block -- xilinx.com:ip:axi_crossbar:2.1 - xbar
Adding component instance block -- xilinx.com:ip:axi_protocol_converter:2.1 - auto_pc
Adding component instance block -- xilinx.com:ip:xlconcat:2.1 - microblaze_0_xlconcat
Adding component instance block -- xilinx.com:ip:proc_sys_reset:5.0 - rst_clk_wiz_1_100M
Adding component instance block -- Laudren.local:user:uart_axifull:1.0 - uart_axifull_0
Successfully read diagram <design_1> from block design file <C:/Users/mafassi/Desktop/13MHz_UART_25Ko_parity/Vivado project/Microblaze5.srcs/sources_1/bd/design_1/design_1.bd>
open_bd_design: Time (s): cpu = 00:00:09 ; elapsed = 00:00:09 . Memory (MB): peak = 1261.031 ; gain = 91.164
report_ip_status -name ip_status 
upgrade_ip -vlnv Laudren.local:user:uart_axifull:1.0 [get_ips  design_1_uart_axifull_0_3] -log ip_upgrade.log
Upgrading 'C:/Users/mafassi/Desktop/13MHz_UART_25Ko_parity/Vivado project/Microblaze5.srcs/sources_1/bd/design_1/design_1.bd'
INFO: [IP_Flow 19-3422] Upgraded design_1_uart_axifull_0_3 (uart_axifull_v1.0 1.0) from revision 30 to revision 34
Wrote  : <C:\Users\mafassi\Desktop\13MHz_UART_25Ko_parity\Vivado project\Microblaze5.srcs\sources_1\bd\design_1\design_1.bd> 
Wrote  : <C:/Users/mafassi/Desktop/13MHz_UART_25Ko_parity/Vivado project/Microblaze5.srcs/sources_1/bd/design_1/ui/bd_1f5defd0.ui> 
INFO: [Coretcl 2-1525] Wrote upgrade log to 'C:/Users/mafassi/Desktop/13MHz_UART_25Ko_parity/Vivado project/ip_upgrade.log'.
export_ip_user_files -of_objects [get_ips design_1_uart_axifull_0_3] -no_script -sync -force -quiet
generate_target all [get_files  {{C:/Users/mafassi/Desktop/13MHz_UART_25Ko_parity/Vivado project/Microblaze5.srcs/sources_1/bd/design_1/design_1.bd}}]
CRITICAL WARNING: [BD 41-1367] The port name 'Input' of cell '/LVDS_Transmitter_0' is a reserved keyword in a Hardware Description Language. Please consider renaming the port.
WARNING: [IP_Flow 19-3374] An attempt to modify the value of disabled parameter 'PRIM_IN_FREQ' from '12.000' to '100.000' has been ignored for IP 'clk_wiz_1'
WARNING: [IP_Flow 19-3374] An attempt to modify the value of disabled parameter 'PRIM_IN_FREQ' from '12.000' to '100.000' has been ignored for IP 'clk_wiz_1'
INFO: [xilinx.com:ip:axi_quad_spi:3.2-1] /axi_quad_spi_0 
                  ########################################################################################
                  INFO: AXI Quad SPI core's AXI Lite Clock and EXT SPI CLK are asynchronous to each other.
                  ########################################################################################
INFO: [xilinx.com:ip:axi_quad_spi:3.2-1] /axi_quad_spi_0 
                  ########################################################################################
                  INFO: AXI Quad SPI core's AXI Lite Clock and EXT SPI CLK are asynchronous to each other.
                  ########################################################################################
INFO: [xilinx.com:ip:clk_wiz:6.0-1] /clk_wiz_1 clk_wiz propagate
INFO: [xilinx.com:ip:clk_wiz:6.0-1] /clk_wiz_1 clk_wiz propagate
INFO: [xilinx.com:ip:axi_intc:4.1-1] /microblaze_0_axi_intc: The AXI INTC core has been configured to operate with synchronous clocks.
INFO: [xilinx.com:ip:axi_intc:4.1-1] /microblaze_0_axi_intc: The AXI INTC core has been configured to operate with synchronous clocks.
WARNING: [xilinx.com:ip:axi_intc:4.1-6] /microblaze_0_axi_intc: Property SENSITIVITY = "NULL" for interrupt input 4 not recognized - using default interrupt type Rising Edge. Please change this manually if necessary.
WARNING: [xilinx.com:ip:axi_intc:4.1-6] /microblaze_0_axi_intc: Property SENSITIVITY = "NULL" for interrupt input 3 not recognized - using default interrupt type Rising Edge. Please change this manually if necessary.
WARNING: [xilinx.com:ip:axi_intc:4.1-6] /microblaze_0_axi_intc: Property SENSITIVITY = "NULL" for interrupt input 2 not recognized - using default interrupt type Rising Edge. Please change this manually if necessary.
WARNING: [xilinx.com:ip:axi_intc:4.1-6] /microblaze_0_axi_intc: Property SENSITIVITY = "NULL" for interrupt input 1 not recognized - using default interrupt type Rising Edge. Please change this manually if necessary.
WARNING: [xilinx.com:ip:axi_intc:4.1-6] /microblaze_0_axi_intc: Property SENSITIVITY = "NULL" for interrupt input 0 not recognized - using default interrupt type Rising Edge. Please change this manually if necessary.
Wrote  : <C:\Users\mafassi\Desktop\13MHz_UART_25Ko_parity\Vivado project\Microblaze5.srcs\sources_1\bd\design_1\design_1.bd> 
VHDL Output written to : c:/Users/mafassi/Desktop/13MHz_UART_25Ko_parity/Vivado project/Microblaze5.gen/sources_1/bd/design_1/synth/design_1.vhd
VHDL Output written to : c:/Users/mafassi/Desktop/13MHz_UART_25Ko_parity/Vivado project/Microblaze5.gen/sources_1/bd/design_1/sim/design_1.vhd
VHDL Output written to : c:/Users/mafassi/Desktop/13MHz_UART_25Ko_parity/Vivado project/Microblaze5.gen/sources_1/bd/design_1/hdl/design_1_wrapper.vhd
INFO: [BD 41-1029] Generation completed for the IP Integrator block uart_axifull_0 .
WARNING: [IP_Flow 19-4994] Overwriting existing constraint file 'c:/Users/mafassi/Desktop/13MHz_UART_25Ko_parity/Vivado project/Microblaze5.gen/sources_1/bd/design_1/ip/design_1_auto_pc_0/design_1_auto_pc_0_ooc.xdc'
WARNING: [IP_Flow 19-5160] IP 'design_1_auto_pc_0' detected simulation language mismatch. Simulation type 'rtl' does not support 'VHDL' outputs (see project's "simulator_language" property), delivering 'Verilog' outputs instead.
WARNING: [IP_Flow 19-5160] IP 'design_1_auto_pc_0' detected simulation language mismatch. Simulation type 'tlm' does not support 'VHDL' outputs (see project's "simulator_language" property), delivering 'SystemC' outputs instead.
INFO: [BD 41-1029] Generation completed for the IP Integrator block microblaze_0_axi_periph/m04_couplers/auto_pc .
Exporting to file c:/Users/mafassi/Desktop/13MHz_UART_25Ko_parity/Vivado project/Microblaze5.gen/sources_1/bd/design_1/hw_handoff/design_1.hwh
Generated Block Design Tcl file c:/Users/mafassi/Desktop/13MHz_UART_25Ko_parity/Vivado project/Microblaze5.gen/sources_1/bd/design_1/hw_handoff/design_1_bd.tcl
Generated Hardware Definition File c:/Users/mafassi/Desktop/13MHz_UART_25Ko_parity/Vivado project/Microblaze5.gen/sources_1/bd/design_1/synth/design_1.hwdef
generate_target: Time (s): cpu = 00:00:16 ; elapsed = 00:00:24 . Memory (MB): peak = 1643.871 ; gain = 334.027
catch { config_ip_cache -export [get_ips -all design_1_uart_axifull_0_3] }
catch { config_ip_cache -export [get_ips -all design_1_auto_pc_0] }
INFO: [IP_Flow 19-4993] Using cached IP synthesis design for IP design_1_auto_pc_0, cache-ID = 5cebe1694b2c4106; cache size = 241.182 MB.
export_ip_user_files -of_objects [get_files {{C:/Users/mafassi/Desktop/13MHz_UART_25Ko_parity/Vivado project/Microblaze5.srcs/sources_1/bd/design_1/design_1.bd}}] -no_script -sync -force -quiet
create_ip_run [get_files -of_objects [get_fileset sources_1] {{C:/Users/mafassi/Desktop/13MHz_UART_25Ko_parity/Vivado project/Microblaze5.srcs/sources_1/bd/design_1/design_1.bd}}]
launch_runs design_1_uart_axifull_0_3_synth_1 -jobs 10
[Mon Aug  7 10:10:56 2023] Launched design_1_uart_axifull_0_3_synth_1...
Run output will be captured here: C:/Users/mafassi/Desktop/13MHz_UART_25Ko_parity/Vivado project/Microblaze5.runs/design_1_uart_axifull_0_3_synth_1/runme.log
export_simulation -of_objects [get_files {{C:/Users/mafassi/Desktop/13MHz_UART_25Ko_parity/Vivado project/Microblaze5.srcs/sources_1/bd/design_1/design_1.bd}}] -directory {C:/Users/mafassi/Desktop/13MHz_UART_25Ko_parity/Vivado project/Microblaze5.ip_user_files/sim_scripts} -ip_user_files_dir {C:/Users/mafassi/Desktop/13MHz_UART_25Ko_parity/Vivado project/Microblaze5.ip_user_files} -ipstatic_source_dir {C:/Users/mafassi/Desktop/13MHz_UART_25Ko_parity/Vivado project/Microblaze5.ip_user_files/ipstatic} -lib_map_path [list {modelsim=C:/Users/mafassi/Desktop/13MHz_UART_25Ko_parity/Vivado project/Microblaze5.cache/compile_simlib/modelsim} {questa=C:/Users/mafassi/Desktop/13MHz_UART_25Ko_parity/Vivado project/Microblaze5.cache/compile_simlib/questa} {riviera=C:/Users/mafassi/Desktop/13MHz_UART_25Ko_parity/Vivado project/Microblaze5.cache/compile_simlib/riviera} {activehdl=C:/Users/mafassi/Desktop/13MHz_UART_25Ko_parity/Vivado project/Microblaze5.cache/compile_simlib/activehdl}] -use_ip_compiled_libs -force -quiet
report_ip_status -name ip_status 
reset_run synth_1
reset_run design_1_uart_axifull_0_3_synth_1
launch_runs impl_1 -to_step write_bitstream -jobs 10
[Mon Aug  7 10:13:44 2023] Launched design_1_uart_axifull_0_3_synth_1, synth_1...
Run output will be captured here:
design_1_uart_axifull_0_3_synth_1: C:/Users/mafassi/Desktop/13MHz_UART_25Ko_parity/Vivado project/Microblaze5.runs/design_1_uart_axifull_0_3_synth_1/runme.log
synth_1: C:/Users/mafassi/Desktop/13MHz_UART_25Ko_parity/Vivado project/Microblaze5.runs/synth_1/runme.log
[Mon Aug  7 10:13:44 2023] Launched impl_1...
Run output will be captured here: C:/Users/mafassi/Desktop/13MHz_UART_25Ko_parity/Vivado project/Microblaze5.runs/impl_1/runme.log
ipx::edit_ip_in_project -upgrade true -name uart_axifull_v1_0_project -directory {C:/Users/mafassi/Desktop/13MHz_UART_25Ko_parity/Vivado\ project/Microblaze5.tmp/uart_axifull_v1_0_project} {c:/Users/mafassi/Desktop/13MHz_UART - Copie/Working UART at 13Mhz/ip_repo/uart_axifull_1.0/component.xml}
INFO: [ProjectBase 1-489] The host OS only allows 260 characters in a normal path. The project is stored in a path with more than 80 characters. If you experience issues with IP, Block Designs, or files not being found, please consider moving the project to a location with a shorter path. Alternately consider using the OS subst command to map part of the path to a drive letter.
Current project path is 'c:/users/mafassi/desktop/13mhz_uart_25ko_parity/vivado project/microblaze5.tmp/uart_axifull_v1_0_project'
INFO: [IP_Flow 19-234] Refreshing IP repositories
INFO: [IP_Flow 19-1704] No user IP repositories specified
INFO: [IP_Flow 19-2313] Loaded Vivado IP repository 'C:/Xilinx/Vivado/2020.2/data/ip'.
INFO: [IP_Flow 19-234] Refreshing IP repositories
INFO: [IP_Flow 19-1700] Loaded user IP repository 'c:/Users/mafassi/Desktop/13MHz_UART - Copie/Working UART at 13Mhz/ip_repo/LVDS_Buffer'.
INFO: [IP_Flow 19-1700] Loaded user IP repository 'c:/Users/mafassi/Desktop/13MHz_UART - Copie/Working UART at 13Mhz/ip_repo/uart_axifull_1.0'.
WARNING: [IP_Flow 19-2248] Failed to load user IP repository 'c:/Users/mafassi/Desktop/13MHz_UART_25Ko_parity/ip_repo/my_custom_UART_1.0'; Can't find the specified path.
If this directory should no longer be in your list of user repositories, go to the IP Settings dialog and remove it.
INFO: [IP_Flow 19-1700] Loaded user IP repository 'c:/Users/mafassi/Downloads/fifo_ip'.
INFO: [IP_Flow 19-795] Syncing license key meta-data
update_compile_order -fileset sources_1
synth_design -rtl -rtl_skip_mlo -name rtl_1
Command: synth_design -rtl -rtl_skip_mlo -name rtl_1
Starting synth_design
Using part: xc7a15tcpg236-1
Top: uart_axifull_v1_0
INFO: [Device 21-403] Loading part xc7a15tcpg236-1
---------------------------------------------------------------------------------
Starting RTL Elaboration : Time (s): cpu = 00:00:03 ; elapsed = 00:00:02 . Memory (MB): peak = 1970.199 ; gain = 243.906
---------------------------------------------------------------------------------
INFO: [Synth 8-638] synthesizing module 'uart_axifull_v1_0' [c:/Users/mafassi/Desktop/13MHz_UART - Copie/Working UART at 13Mhz/ip_repo/uart_axifull_1.0/hdl/uart_axifull_v1_0.vhd:112]
	Parameter c_clkfreq bound to: 50000000 - type: integer 
	Parameter c_baudrate bound to: 115200 - type: integer 
	Parameter c_stopbit bound to: 2 - type: integer 
	Parameter C_S00_AXI_DATA_WIDTH bound to: 32 - type: integer 
	Parameter C_S00_AXI_ADDR_WIDTH bound to: 4 - type: integer 
	Parameter C_S01_AXI_ID_WIDTH bound to: 1 - type: integer 
	Parameter C_S01_AXI_DATA_WIDTH bound to: 32 - type: integer 
	Parameter C_S01_AXI_ADDR_WIDTH bound to: 17 - type: integer 
	Parameter C_S01_AXI_AWUSER_WIDTH bound to: 1 - type: integer 
	Parameter C_S01_AXI_ARUSER_WIDTH bound to: 1 - type: integer 
	Parameter C_S01_AXI_WUSER_WIDTH bound to: 1 - type: integer 
	Parameter C_S01_AXI_RUSER_WIDTH bound to: 1 - type: integer 
	Parameter C_S01_AXI_BUSER_WIDTH bound to: 1 - type: integer 
	Parameter C_S_AXI_DATA_WIDTH bound to: 32 - type: integer 
	Parameter C_S_AXI_ADDR_WIDTH bound to: 4 - type: integer 
INFO: [Synth 8-3491] module 'uart_axifull_v1_0_S00_AXI' declared at 'c:/Users/mafassi/Desktop/13MHz_UART - Copie/Working UART at 13Mhz/ip_repo/uart_axifull_1.0/hdl/uart_axifull_v1_0_S00_AXI.vhd:5' bound to instance 'uart_axifull_v1_0_S00_AXI_inst' of component 'uart_axifull_v1_0_S00_AXI' [c:/Users/mafassi/Desktop/13MHz_UART - Copie/Working UART at 13Mhz/ip_repo/uart_axifull_1.0/hdl/uart_axifull_v1_0.vhd:232]
INFO: [Synth 8-638] synthesizing module 'uart_axifull_v1_0_S00_AXI' [c:/Users/mafassi/Desktop/13MHz_UART - Copie/Working UART at 13Mhz/ip_repo/uart_axifull_1.0/hdl/uart_axifull_v1_0_S00_AXI.vhd:90]
	Parameter C_S_AXI_DATA_WIDTH bound to: 32 - type: integer 
	Parameter C_S_AXI_ADDR_WIDTH bound to: 4 - type: integer 
INFO: [Synth 8-226] default block is never used [c:/Users/mafassi/Desktop/13MHz_UART - Copie/Working UART at 13Mhz/ip_repo/uart_axifull_1.0/hdl/uart_axifull_v1_0_S00_AXI.vhd:233]
INFO: [Synth 8-226] default block is never used [c:/Users/mafassi/Desktop/13MHz_UART - Copie/Working UART at 13Mhz/ip_repo/uart_axifull_1.0/hdl/uart_axifull_v1_0_S00_AXI.vhd:363]
INFO: [Synth 8-256] done synthesizing module 'uart_axifull_v1_0_S00_AXI' (1#1) [c:/Users/mafassi/Desktop/13MHz_UART - Copie/Working UART at 13Mhz/ip_repo/uart_axifull_1.0/hdl/uart_axifull_v1_0_S00_AXI.vhd:90]
	Parameter c_clkfreq bound to: 50000000 - type: integer 
	Parameter c_baudrate bound to: 115200 - type: integer 
	Parameter c_stopbit bound to: 2 - type: integer 
	Parameter C_S_AXI_ID_WIDTH bound to: 1 - type: integer 
	Parameter C_S_AXI_DATA_WIDTH bound to: 32 - type: integer 
	Parameter C_S_AXI_ADDR_WIDTH bound to: 17 - type: integer 
	Parameter C_S_AXI_AWUSER_WIDTH bound to: 1 - type: integer 
	Parameter C_S_AXI_ARUSER_WIDTH bound to: 1 - type: integer 
	Parameter C_S_AXI_WUSER_WIDTH bound to: 1 - type: integer 
	Parameter C_S_AXI_RUSER_WIDTH bound to: 1 - type: integer 
	Parameter C_S_AXI_BUSER_WIDTH bound to: 1 - type: integer 
INFO: [Synth 8-3491] module 'uart_axifull_v1_0_S01_AXI' declared at 'c:/Users/mafassi/Desktop/13MHz_UART - Copie/Working UART at 13Mhz/ip_repo/uart_axifull_1.0/hdl/uart_axifull_v1_0_S01_AXI.vhd:5' bound to instance 'uart_axifull_v1_0_S01_AXI_inst' of component 'uart_axifull_v1_0_S01_AXI' [c:/Users/mafassi/Desktop/13MHz_UART - Copie/Working UART at 13Mhz/ip_repo/uart_axifull_1.0/hdl/uart_axifull_v1_0.vhd:267]
INFO: [Synth 8-638] synthesizing module 'uart_axifull_v1_0_S01_AXI' [c:/Users/mafassi/Desktop/13MHz_UART - Copie/Working UART at 13Mhz/ip_repo/uart_axifull_1.0/hdl/uart_axifull_v1_0_S01_AXI.vhd:179]
	Parameter c_clkfreq bound to: 50000000 - type: integer 
	Parameter c_baudrate bound to: 115200 - type: integer 
	Parameter c_stopbit bound to: 2 - type: integer 
	Parameter C_S_AXI_ID_WIDTH bound to: 1 - type: integer 
	Parameter C_S_AXI_DATA_WIDTH bound to: 32 - type: integer 
	Parameter C_S_AXI_ADDR_WIDTH bound to: 17 - type: integer 
	Parameter C_S_AXI_AWUSER_WIDTH bound to: 1 - type: integer 
	Parameter C_S_AXI_ARUSER_WIDTH bound to: 1 - type: integer 
	Parameter C_S_AXI_WUSER_WIDTH bound to: 1 - type: integer 
	Parameter C_S_AXI_RUSER_WIDTH bound to: 1 - type: integer 
	Parameter C_S_AXI_BUSER_WIDTH bound to: 1 - type: integer 
ERROR: [Synth 8-690] width mismatch in assignment; target has 8 bits, source has 17 bits [c:/Users/mafassi/Desktop/13MHz_UART - Copie/Working UART at 13Mhz/ip_repo/uart_axifull_1.0/hdl/uart_axifull_v1_0_S01_AXI.vhd:555]
ERROR: [Synth 8-285] failed synthesizing module 'uart_axifull_v1_0_S01_AXI' [c:/Users/mafassi/Desktop/13MHz_UART - Copie/Working UART at 13Mhz/ip_repo/uart_axifull_1.0/hdl/uart_axifull_v1_0_S01_AXI.vhd:179]
ERROR: [Synth 8-285] failed synthesizing module 'uart_axifull_v1_0' [c:/Users/mafassi/Desktop/13MHz_UART - Copie/Working UART at 13Mhz/ip_repo/uart_axifull_1.0/hdl/uart_axifull_v1_0.vhd:112]
---------------------------------------------------------------------------------
Finished RTL Elaboration : Time (s): cpu = 00:00:03 ; elapsed = 00:00:03 . Memory (MB): peak = 2014.680 ; gain = 288.387
---------------------------------------------------------------------------------
RTL Elaboration failed
9 Infos, 0 Warnings, 0 Critical Warnings and 4 Errors encountered.
synth_design failed
ERROR: [Vivado_Tcl 4-5] Elaboration failed - please see the console for details
synth_design -rtl -rtl_skip_mlo -name rtl_1
Command: synth_design -rtl -rtl_skip_mlo -name rtl_1
Starting synth_design
Using part: xc7a15tcpg236-1
Top: uart_axifull_v1_0
---------------------------------------------------------------------------------
Starting RTL Elaboration : Time (s): cpu = 00:00:02 ; elapsed = 00:00:02 . Memory (MB): peak = 2035.969 ; gain = 17.918
---------------------------------------------------------------------------------
INFO: [Synth 8-638] synthesizing module 'uart_axifull_v1_0' [c:/Users/mafassi/Desktop/13MHz_UART - Copie/Working UART at 13Mhz/ip_repo/uart_axifull_1.0/hdl/uart_axifull_v1_0.vhd:112]
	Parameter c_clkfreq bound to: 50000000 - type: integer 
	Parameter c_baudrate bound to: 115200 - type: integer 
	Parameter c_stopbit bound to: 2 - type: integer 
	Parameter C_S00_AXI_DATA_WIDTH bound to: 32 - type: integer 
	Parameter C_S00_AXI_ADDR_WIDTH bound to: 4 - type: integer 
	Parameter C_S01_AXI_ID_WIDTH bound to: 1 - type: integer 
	Parameter C_S01_AXI_DATA_WIDTH bound to: 32 - type: integer 
	Parameter C_S01_AXI_ADDR_WIDTH bound to: 17 - type: integer 
	Parameter C_S01_AXI_AWUSER_WIDTH bound to: 1 - type: integer 
	Parameter C_S01_AXI_ARUSER_WIDTH bound to: 1 - type: integer 
	Parameter C_S01_AXI_WUSER_WIDTH bound to: 1 - type: integer 
	Parameter C_S01_AXI_RUSER_WIDTH bound to: 1 - type: integer 
	Parameter C_S01_AXI_BUSER_WIDTH bound to: 1 - type: integer 
	Parameter C_S_AXI_DATA_WIDTH bound to: 32 - type: integer 
	Parameter C_S_AXI_ADDR_WIDTH bound to: 4 - type: integer 
INFO: [Synth 8-3491] module 'uart_axifull_v1_0_S00_AXI' declared at 'c:/Users/mafassi/Desktop/13MHz_UART - Copie/Working UART at 13Mhz/ip_repo/uart_axifull_1.0/hdl/uart_axifull_v1_0_S00_AXI.vhd:5' bound to instance 'uart_axifull_v1_0_S00_AXI_inst' of component 'uart_axifull_v1_0_S00_AXI' [c:/Users/mafassi/Desktop/13MHz_UART - Copie/Working UART at 13Mhz/ip_repo/uart_axifull_1.0/hdl/uart_axifull_v1_0.vhd:232]
INFO: [Synth 8-638] synthesizing module 'uart_axifull_v1_0_S00_AXI' [c:/Users/mafassi/Desktop/13MHz_UART - Copie/Working UART at 13Mhz/ip_repo/uart_axifull_1.0/hdl/uart_axifull_v1_0_S00_AXI.vhd:90]
	Parameter C_S_AXI_DATA_WIDTH bound to: 32 - type: integer 
	Parameter C_S_AXI_ADDR_WIDTH bound to: 4 - type: integer 
INFO: [Synth 8-226] default block is never used [c:/Users/mafassi/Desktop/13MHz_UART - Copie/Working UART at 13Mhz/ip_repo/uart_axifull_1.0/hdl/uart_axifull_v1_0_S00_AXI.vhd:233]
INFO: [Synth 8-226] default block is never used [c:/Users/mafassi/Desktop/13MHz_UART - Copie/Working UART at 13Mhz/ip_repo/uart_axifull_1.0/hdl/uart_axifull_v1_0_S00_AXI.vhd:363]
INFO: [Synth 8-256] done synthesizing module 'uart_axifull_v1_0_S00_AXI' (1#1) [c:/Users/mafassi/Desktop/13MHz_UART - Copie/Working UART at 13Mhz/ip_repo/uart_axifull_1.0/hdl/uart_axifull_v1_0_S00_AXI.vhd:90]
	Parameter c_clkfreq bound to: 50000000 - type: integer 
	Parameter c_baudrate bound to: 115200 - type: integer 
	Parameter c_stopbit bound to: 2 - type: integer 
	Parameter C_S_AXI_ID_WIDTH bound to: 1 - type: integer 
	Parameter C_S_AXI_DATA_WIDTH bound to: 32 - type: integer 
	Parameter C_S_AXI_ADDR_WIDTH bound to: 17 - type: integer 
	Parameter C_S_AXI_AWUSER_WIDTH bound to: 1 - type: integer 
	Parameter C_S_AXI_ARUSER_WIDTH bound to: 1 - type: integer 
	Parameter C_S_AXI_WUSER_WIDTH bound to: 1 - type: integer 
	Parameter C_S_AXI_RUSER_WIDTH bound to: 1 - type: integer 
	Parameter C_S_AXI_BUSER_WIDTH bound to: 1 - type: integer 
INFO: [Synth 8-3491] module 'uart_axifull_v1_0_S01_AXI' declared at 'c:/Users/mafassi/Desktop/13MHz_UART - Copie/Working UART at 13Mhz/ip_repo/uart_axifull_1.0/hdl/uart_axifull_v1_0_S01_AXI.vhd:5' bound to instance 'uart_axifull_v1_0_S01_AXI_inst' of component 'uart_axifull_v1_0_S01_AXI' [c:/Users/mafassi/Desktop/13MHz_UART - Copie/Working UART at 13Mhz/ip_repo/uart_axifull_1.0/hdl/uart_axifull_v1_0.vhd:267]
INFO: [Synth 8-638] synthesizing module 'uart_axifull_v1_0_S01_AXI' [c:/Users/mafassi/Desktop/13MHz_UART - Copie/Working UART at 13Mhz/ip_repo/uart_axifull_1.0/hdl/uart_axifull_v1_0_S01_AXI.vhd:179]
	Parameter c_clkfreq bound to: 50000000 - type: integer 
	Parameter c_baudrate bound to: 115200 - type: integer 
	Parameter c_stopbit bound to: 2 - type: integer 
	Parameter C_S_AXI_ID_WIDTH bound to: 1 - type: integer 
	Parameter C_S_AXI_DATA_WIDTH bound to: 32 - type: integer 
	Parameter C_S_AXI_ADDR_WIDTH bound to: 17 - type: integer 
	Parameter C_S_AXI_AWUSER_WIDTH bound to: 1 - type: integer 
	Parameter C_S_AXI_ARUSER_WIDTH bound to: 1 - type: integer 
	Parameter C_S_AXI_WUSER_WIDTH bound to: 1 - type: integer 
	Parameter C_S_AXI_RUSER_WIDTH bound to: 1 - type: integer 
	Parameter C_S_AXI_BUSER_WIDTH bound to: 1 - type: integer 
ERROR: [Synth 8-690] width mismatch in assignment; target has 17 bits, source has 8 bits [c:/Users/mafassi/Desktop/13MHz_UART - Copie/Working UART at 13Mhz/ip_repo/uart_axifull_1.0/hdl/uart_axifull_v1_0_S01_AXI.vhd:573]
ERROR: [Synth 8-285] failed synthesizing module 'uart_axifull_v1_0_S01_AXI' [c:/Users/mafassi/Desktop/13MHz_UART - Copie/Working UART at 13Mhz/ip_repo/uart_axifull_1.0/hdl/uart_axifull_v1_0_S01_AXI.vhd:179]
ERROR: [Synth 8-285] failed synthesizing module 'uart_axifull_v1_0' [c:/Users/mafassi/Desktop/13MHz_UART - Copie/Working UART at 13Mhz/ip_repo/uart_axifull_1.0/hdl/uart_axifull_v1_0.vhd:112]
---------------------------------------------------------------------------------
Finished RTL Elaboration : Time (s): cpu = 00:00:03 ; elapsed = 00:00:03 . Memory (MB): peak = 2036.016 ; gain = 17.965
---------------------------------------------------------------------------------
RTL Elaboration failed
8 Infos, 0 Warnings, 0 Critical Warnings and 4 Errors encountered.
synth_design failed
ERROR: [Vivado_Tcl 4-5] Elaboration failed - please see the console for details
synth_design -rtl -rtl_skip_mlo -name rtl_1
Command: synth_design -rtl -rtl_skip_mlo -name rtl_1
Starting synth_design
Using part: xc7a15tcpg236-1
Top: uart_axifull_v1_0
---------------------------------------------------------------------------------
Starting RTL Elaboration : Time (s): cpu = 00:00:03 ; elapsed = 00:00:02 . Memory (MB): peak = 2041.793 ; gain = 5.777
---------------------------------------------------------------------------------
INFO: [Synth 8-638] synthesizing module 'uart_axifull_v1_0' [c:/Users/mafassi/Desktop/13MHz_UART - Copie/Working UART at 13Mhz/ip_repo/uart_axifull_1.0/hdl/uart_axifull_v1_0.vhd:112]
	Parameter c_clkfreq bound to: 50000000 - type: integer 
	Parameter c_baudrate bound to: 115200 - type: integer 
	Parameter c_stopbit bound to: 2 - type: integer 
	Parameter C_S00_AXI_DATA_WIDTH bound to: 32 - type: integer 
	Parameter C_S00_AXI_ADDR_WIDTH bound to: 4 - type: integer 
	Parameter C_S01_AXI_ID_WIDTH bound to: 1 - type: integer 
	Parameter C_S01_AXI_DATA_WIDTH bound to: 32 - type: integer 
	Parameter C_S01_AXI_ADDR_WIDTH bound to: 17 - type: integer 
	Parameter C_S01_AXI_AWUSER_WIDTH bound to: 1 - type: integer 
	Parameter C_S01_AXI_ARUSER_WIDTH bound to: 1 - type: integer 
	Parameter C_S01_AXI_WUSER_WIDTH bound to: 1 - type: integer 
	Parameter C_S01_AXI_RUSER_WIDTH bound to: 1 - type: integer 
	Parameter C_S01_AXI_BUSER_WIDTH bound to: 1 - type: integer 
	Parameter C_S_AXI_DATA_WIDTH bound to: 32 - type: integer 
	Parameter C_S_AXI_ADDR_WIDTH bound to: 4 - type: integer 
INFO: [Synth 8-3491] module 'uart_axifull_v1_0_S00_AXI' declared at 'c:/Users/mafassi/Desktop/13MHz_UART - Copie/Working UART at 13Mhz/ip_repo/uart_axifull_1.0/hdl/uart_axifull_v1_0_S00_AXI.vhd:5' bound to instance 'uart_axifull_v1_0_S00_AXI_inst' of component 'uart_axifull_v1_0_S00_AXI' [c:/Users/mafassi/Desktop/13MHz_UART - Copie/Working UART at 13Mhz/ip_repo/uart_axifull_1.0/hdl/uart_axifull_v1_0.vhd:232]
INFO: [Synth 8-638] synthesizing module 'uart_axifull_v1_0_S00_AXI' [c:/Users/mafassi/Desktop/13MHz_UART - Copie/Working UART at 13Mhz/ip_repo/uart_axifull_1.0/hdl/uart_axifull_v1_0_S00_AXI.vhd:90]
	Parameter C_S_AXI_DATA_WIDTH bound to: 32 - type: integer 
	Parameter C_S_AXI_ADDR_WIDTH bound to: 4 - type: integer 
INFO: [Synth 8-226] default block is never used [c:/Users/mafassi/Desktop/13MHz_UART - Copie/Working UART at 13Mhz/ip_repo/uart_axifull_1.0/hdl/uart_axifull_v1_0_S00_AXI.vhd:233]
INFO: [Synth 8-226] default block is never used [c:/Users/mafassi/Desktop/13MHz_UART - Copie/Working UART at 13Mhz/ip_repo/uart_axifull_1.0/hdl/uart_axifull_v1_0_S00_AXI.vhd:363]
INFO: [Synth 8-256] done synthesizing module 'uart_axifull_v1_0_S00_AXI' (1#1) [c:/Users/mafassi/Desktop/13MHz_UART - Copie/Working UART at 13Mhz/ip_repo/uart_axifull_1.0/hdl/uart_axifull_v1_0_S00_AXI.vhd:90]
	Parameter c_clkfreq bound to: 50000000 - type: integer 
	Parameter c_baudrate bound to: 115200 - type: integer 
	Parameter c_stopbit bound to: 2 - type: integer 
	Parameter C_S_AXI_ID_WIDTH bound to: 1 - type: integer 
	Parameter C_S_AXI_DATA_WIDTH bound to: 32 - type: integer 
	Parameter C_S_AXI_ADDR_WIDTH bound to: 17 - type: integer 
	Parameter C_S_AXI_AWUSER_WIDTH bound to: 1 - type: integer 
	Parameter C_S_AXI_ARUSER_WIDTH bound to: 1 - type: integer 
	Parameter C_S_AXI_WUSER_WIDTH bound to: 1 - type: integer 
	Parameter C_S_AXI_RUSER_WIDTH bound to: 1 - type: integer 
	Parameter C_S_AXI_BUSER_WIDTH bound to: 1 - type: integer 
INFO: [Synth 8-3491] module 'uart_axifull_v1_0_S01_AXI' declared at 'c:/Users/mafassi/Desktop/13MHz_UART - Copie/Working UART at 13Mhz/ip_repo/uart_axifull_1.0/hdl/uart_axifull_v1_0_S01_AXI.vhd:5' bound to instance 'uart_axifull_v1_0_S01_AXI_inst' of component 'uart_axifull_v1_0_S01_AXI' [c:/Users/mafassi/Desktop/13MHz_UART - Copie/Working UART at 13Mhz/ip_repo/uart_axifull_1.0/hdl/uart_axifull_v1_0.vhd:267]
INFO: [Synth 8-638] synthesizing module 'uart_axifull_v1_0_S01_AXI' [c:/Users/mafassi/Desktop/13MHz_UART - Copie/Working UART at 13Mhz/ip_repo/uart_axifull_1.0/hdl/uart_axifull_v1_0_S01_AXI.vhd:179]
	Parameter c_clkfreq bound to: 50000000 - type: integer 
	Parameter c_baudrate bound to: 115200 - type: integer 
	Parameter c_stopbit bound to: 2 - type: integer 
	Parameter C_S_AXI_ID_WIDTH bound to: 1 - type: integer 
	Parameter C_S_AXI_DATA_WIDTH bound to: 32 - type: integer 
	Parameter C_S_AXI_ADDR_WIDTH bound to: 17 - type: integer 
	Parameter C_S_AXI_AWUSER_WIDTH bound to: 1 - type: integer 
	Parameter C_S_AXI_ARUSER_WIDTH bound to: 1 - type: integer 
	Parameter C_S_AXI_WUSER_WIDTH bound to: 1 - type: integer 
	Parameter C_S_AXI_RUSER_WIDTH bound to: 1 - type: integer 
	Parameter C_S_AXI_BUSER_WIDTH bound to: 1 - type: integer 
ERROR: [Synth 8-690] width mismatch in assignment; target has 17 bits, source has 8 bits [c:/Users/mafassi/Desktop/13MHz_UART - Copie/Working UART at 13Mhz/ip_repo/uart_axifull_1.0/hdl/uart_axifull_v1_0_S01_AXI.vhd:573]
ERROR: [Synth 8-285] failed synthesizing module 'uart_axifull_v1_0_S01_AXI' [c:/Users/mafassi/Desktop/13MHz_UART - Copie/Working UART at 13Mhz/ip_repo/uart_axifull_1.0/hdl/uart_axifull_v1_0_S01_AXI.vhd:179]
ERROR: [Synth 8-285] failed synthesizing module 'uart_axifull_v1_0' [c:/Users/mafassi/Desktop/13MHz_UART - Copie/Working UART at 13Mhz/ip_repo/uart_axifull_1.0/hdl/uart_axifull_v1_0.vhd:112]
---------------------------------------------------------------------------------
Finished RTL Elaboration : Time (s): cpu = 00:00:03 ; elapsed = 00:00:03 . Memory (MB): peak = 2042.766 ; gain = 6.750
---------------------------------------------------------------------------------
RTL Elaboration failed
8 Infos, 0 Warnings, 0 Critical Warnings and 4 Errors encountered.
synth_design failed
ERROR: [Vivado_Tcl 4-5] Elaboration failed - please see the console for details
synth_design -rtl -rtl_skip_mlo -name rtl_1
Command: synth_design -rtl -rtl_skip_mlo -name rtl_1
Starting synth_design
Using part: xc7a15tcpg236-1
Top: uart_axifull_v1_0
---------------------------------------------------------------------------------
Starting RTL Elaboration : Time (s): cpu = 00:00:03 ; elapsed = 00:00:02 . Memory (MB): peak = 2051.969 ; gain = 0.000
---------------------------------------------------------------------------------
INFO: [Synth 8-638] synthesizing module 'uart_axifull_v1_0' [c:/Users/mafassi/Desktop/13MHz_UART - Copie/Working UART at 13Mhz/ip_repo/uart_axifull_1.0/hdl/uart_axifull_v1_0.vhd:112]
	Parameter c_clkfreq bound to: 50000000 - type: integer 
	Parameter c_baudrate bound to: 115200 - type: integer 
	Parameter c_stopbit bound to: 2 - type: integer 
	Parameter C_S00_AXI_DATA_WIDTH bound to: 32 - type: integer 
	Parameter C_S00_AXI_ADDR_WIDTH bound to: 4 - type: integer 
	Parameter C_S01_AXI_ID_WIDTH bound to: 1 - type: integer 
	Parameter C_S01_AXI_DATA_WIDTH bound to: 32 - type: integer 
	Parameter C_S01_AXI_ADDR_WIDTH bound to: 17 - type: integer 
	Parameter C_S01_AXI_AWUSER_WIDTH bound to: 1 - type: integer 
	Parameter C_S01_AXI_ARUSER_WIDTH bound to: 1 - type: integer 
	Parameter C_S01_AXI_WUSER_WIDTH bound to: 1 - type: integer 
	Parameter C_S01_AXI_RUSER_WIDTH bound to: 1 - type: integer 
	Parameter C_S01_AXI_BUSER_WIDTH bound to: 1 - type: integer 
	Parameter C_S_AXI_DATA_WIDTH bound to: 32 - type: integer 
	Parameter C_S_AXI_ADDR_WIDTH bound to: 4 - type: integer 
INFO: [Synth 8-3491] module 'uart_axifull_v1_0_S00_AXI' declared at 'c:/Users/mafassi/Desktop/13MHz_UART - Copie/Working UART at 13Mhz/ip_repo/uart_axifull_1.0/hdl/uart_axifull_v1_0_S00_AXI.vhd:5' bound to instance 'uart_axifull_v1_0_S00_AXI_inst' of component 'uart_axifull_v1_0_S00_AXI' [c:/Users/mafassi/Desktop/13MHz_UART - Copie/Working UART at 13Mhz/ip_repo/uart_axifull_1.0/hdl/uart_axifull_v1_0.vhd:232]
INFO: [Synth 8-638] synthesizing module 'uart_axifull_v1_0_S00_AXI' [c:/Users/mafassi/Desktop/13MHz_UART - Copie/Working UART at 13Mhz/ip_repo/uart_axifull_1.0/hdl/uart_axifull_v1_0_S00_AXI.vhd:90]
	Parameter C_S_AXI_DATA_WIDTH bound to: 32 - type: integer 
	Parameter C_S_AXI_ADDR_WIDTH bound to: 4 - type: integer 
INFO: [Synth 8-226] default block is never used [c:/Users/mafassi/Desktop/13MHz_UART - Copie/Working UART at 13Mhz/ip_repo/uart_axifull_1.0/hdl/uart_axifull_v1_0_S00_AXI.vhd:233]
INFO: [Synth 8-226] default block is never used [c:/Users/mafassi/Desktop/13MHz_UART - Copie/Working UART at 13Mhz/ip_repo/uart_axifull_1.0/hdl/uart_axifull_v1_0_S00_AXI.vhd:363]
INFO: [Synth 8-256] done synthesizing module 'uart_axifull_v1_0_S00_AXI' (1#1) [c:/Users/mafassi/Desktop/13MHz_UART - Copie/Working UART at 13Mhz/ip_repo/uart_axifull_1.0/hdl/uart_axifull_v1_0_S00_AXI.vhd:90]
	Parameter c_clkfreq bound to: 50000000 - type: integer 
	Parameter c_baudrate bound to: 115200 - type: integer 
	Parameter c_stopbit bound to: 2 - type: integer 
	Parameter C_S_AXI_ID_WIDTH bound to: 1 - type: integer 
	Parameter C_S_AXI_DATA_WIDTH bound to: 32 - type: integer 
	Parameter C_S_AXI_ADDR_WIDTH bound to: 17 - type: integer 
	Parameter C_S_AXI_AWUSER_WIDTH bound to: 1 - type: integer 
	Parameter C_S_AXI_ARUSER_WIDTH bound to: 1 - type: integer 
	Parameter C_S_AXI_WUSER_WIDTH bound to: 1 - type: integer 
	Parameter C_S_AXI_RUSER_WIDTH bound to: 1 - type: integer 
	Parameter C_S_AXI_BUSER_WIDTH bound to: 1 - type: integer 
INFO: [Synth 8-3491] module 'uart_axifull_v1_0_S01_AXI' declared at 'c:/Users/mafassi/Desktop/13MHz_UART - Copie/Working UART at 13Mhz/ip_repo/uart_axifull_1.0/hdl/uart_axifull_v1_0_S01_AXI.vhd:5' bound to instance 'uart_axifull_v1_0_S01_AXI_inst' of component 'uart_axifull_v1_0_S01_AXI' [c:/Users/mafassi/Desktop/13MHz_UART - Copie/Working UART at 13Mhz/ip_repo/uart_axifull_1.0/hdl/uart_axifull_v1_0.vhd:267]
INFO: [Synth 8-638] synthesizing module 'uart_axifull_v1_0_S01_AXI' [c:/Users/mafassi/Desktop/13MHz_UART - Copie/Working UART at 13Mhz/ip_repo/uart_axifull_1.0/hdl/uart_axifull_v1_0_S01_AXI.vhd:179]
	Parameter c_clkfreq bound to: 50000000 - type: integer 
	Parameter c_baudrate bound to: 115200 - type: integer 
	Parameter c_stopbit bound to: 2 - type: integer 
	Parameter C_S_AXI_ID_WIDTH bound to: 1 - type: integer 
	Parameter C_S_AXI_DATA_WIDTH bound to: 32 - type: integer 
	Parameter C_S_AXI_ADDR_WIDTH bound to: 17 - type: integer 
	Parameter C_S_AXI_AWUSER_WIDTH bound to: 1 - type: integer 
	Parameter C_S_AXI_ARUSER_WIDTH bound to: 1 - type: integer 
	Parameter C_S_AXI_WUSER_WIDTH bound to: 1 - type: integer 
	Parameter C_S_AXI_RUSER_WIDTH bound to: 1 - type: integer 
	Parameter C_S_AXI_BUSER_WIDTH bound to: 1 - type: integer 
	Parameter c_clkfreq bound to: 50000000 - type: integer 
	Parameter c_baudrate bound to: 115200 - type: integer 
	Parameter c_stopbit bound to: 2 - type: integer 
INFO: [Synth 8-3491] module 'uart_tx' declared at 'c:/Users/mafassi/Desktop/13MHz_UART - Copie/Working UART at 13Mhz/ip_repo/uart_axifull_1.0/hdl/uart_tx.vhd:7' bound to instance 'I_UART_TX' of component 'uart_tx' [c:/Users/mafassi/Desktop/13MHz_UART - Copie/Working UART at 13Mhz/ip_repo/uart_axifull_1.0/hdl/uart_axifull_v1_0_S01_AXI.vhd:602]
INFO: [Synth 8-638] synthesizing module 'uart_tx' [c:/Users/mafassi/Desktop/13MHz_UART - Copie/Working UART at 13Mhz/ip_repo/uart_axifull_1.0/hdl/uart_tx.vhd:23]
	Parameter c_clkfreq bound to: 50000000 - type: integer 
	Parameter c_baudrate bound to: 115200 - type: integer 
	Parameter c_stopbit bound to: 2 - type: integer 
INFO: [Synth 8-256] done synthesizing module 'uart_tx' (2#1) [c:/Users/mafassi/Desktop/13MHz_UART - Copie/Working UART at 13Mhz/ip_repo/uart_axifull_1.0/hdl/uart_tx.vhd:23]
ERROR: [Synth 8-690] width mismatch in assignment; target has 8 bits, source has 17 bits [c:/Users/mafassi/Desktop/13MHz_UART - Copie/Working UART at 13Mhz/ip_repo/uart_axifull_1.0/hdl/uart_axifull_v1_0_S01_AXI.vhd:624]
ERROR: [Synth 8-285] failed synthesizing module 'uart_axifull_v1_0_S01_AXI' [c:/Users/mafassi/Desktop/13MHz_UART - Copie/Working UART at 13Mhz/ip_repo/uart_axifull_1.0/hdl/uart_axifull_v1_0_S01_AXI.vhd:179]
ERROR: [Synth 8-285] failed synthesizing module 'uart_axifull_v1_0' [c:/Users/mafassi/Desktop/13MHz_UART - Copie/Working UART at 13Mhz/ip_repo/uart_axifull_1.0/hdl/uart_axifull_v1_0.vhd:112]
---------------------------------------------------------------------------------
Finished RTL Elaboration : Time (s): cpu = 00:00:03 ; elapsed = 00:00:03 . Memory (MB): peak = 2051.969 ; gain = 0.000
---------------------------------------------------------------------------------
RTL Elaboration failed
11 Infos, 0 Warnings, 0 Critical Warnings and 4 Errors encountered.
synth_design failed
ERROR: [Vivado_Tcl 4-5] Elaboration failed - please see the console for details
synth_design -rtl -rtl_skip_mlo -name rtl_1
Command: synth_design -rtl -rtl_skip_mlo -name rtl_1
Starting synth_design
Using part: xc7a15tcpg236-1
Top: uart_axifull_v1_0
---------------------------------------------------------------------------------
Starting RTL Elaboration : Time (s): cpu = 00:00:02 ; elapsed = 00:00:03 . Memory (MB): peak = 2051.969 ; gain = 0.000
---------------------------------------------------------------------------------
INFO: [Synth 8-638] synthesizing module 'uart_axifull_v1_0' [c:/Users/mafassi/Desktop/13MHz_UART - Copie/Working UART at 13Mhz/ip_repo/uart_axifull_1.0/hdl/uart_axifull_v1_0.vhd:112]
	Parameter c_clkfreq bound to: 50000000 - type: integer 
	Parameter c_baudrate bound to: 115200 - type: integer 
	Parameter c_stopbit bound to: 2 - type: integer 
	Parameter C_S00_AXI_DATA_WIDTH bound to: 32 - type: integer 
	Parameter C_S00_AXI_ADDR_WIDTH bound to: 4 - type: integer 
	Parameter C_S01_AXI_ID_WIDTH bound to: 1 - type: integer 
	Parameter C_S01_AXI_DATA_WIDTH bound to: 32 - type: integer 
	Parameter C_S01_AXI_ADDR_WIDTH bound to: 17 - type: integer 
	Parameter C_S01_AXI_AWUSER_WIDTH bound to: 1 - type: integer 
	Parameter C_S01_AXI_ARUSER_WIDTH bound to: 1 - type: integer 
	Parameter C_S01_AXI_WUSER_WIDTH bound to: 1 - type: integer 
	Parameter C_S01_AXI_RUSER_WIDTH bound to: 1 - type: integer 
	Parameter C_S01_AXI_BUSER_WIDTH bound to: 1 - type: integer 
	Parameter C_S_AXI_DATA_WIDTH bound to: 32 - type: integer 
	Parameter C_S_AXI_ADDR_WIDTH bound to: 4 - type: integer 
INFO: [Synth 8-3491] module 'uart_axifull_v1_0_S00_AXI' declared at 'c:/Users/mafassi/Desktop/13MHz_UART - Copie/Working UART at 13Mhz/ip_repo/uart_axifull_1.0/hdl/uart_axifull_v1_0_S00_AXI.vhd:5' bound to instance 'uart_axifull_v1_0_S00_AXI_inst' of component 'uart_axifull_v1_0_S00_AXI' [c:/Users/mafassi/Desktop/13MHz_UART - Copie/Working UART at 13Mhz/ip_repo/uart_axifull_1.0/hdl/uart_axifull_v1_0.vhd:232]
INFO: [Synth 8-638] synthesizing module 'uart_axifull_v1_0_S00_AXI' [c:/Users/mafassi/Desktop/13MHz_UART - Copie/Working UART at 13Mhz/ip_repo/uart_axifull_1.0/hdl/uart_axifull_v1_0_S00_AXI.vhd:90]
	Parameter C_S_AXI_DATA_WIDTH bound to: 32 - type: integer 
	Parameter C_S_AXI_ADDR_WIDTH bound to: 4 - type: integer 
INFO: [Synth 8-226] default block is never used [c:/Users/mafassi/Desktop/13MHz_UART - Copie/Working UART at 13Mhz/ip_repo/uart_axifull_1.0/hdl/uart_axifull_v1_0_S00_AXI.vhd:233]
INFO: [Synth 8-226] default block is never used [c:/Users/mafassi/Desktop/13MHz_UART - Copie/Working UART at 13Mhz/ip_repo/uart_axifull_1.0/hdl/uart_axifull_v1_0_S00_AXI.vhd:363]
INFO: [Synth 8-256] done synthesizing module 'uart_axifull_v1_0_S00_AXI' (1#1) [c:/Users/mafassi/Desktop/13MHz_UART - Copie/Working UART at 13Mhz/ip_repo/uart_axifull_1.0/hdl/uart_axifull_v1_0_S00_AXI.vhd:90]
	Parameter c_clkfreq bound to: 50000000 - type: integer 
	Parameter c_baudrate bound to: 115200 - type: integer 
	Parameter c_stopbit bound to: 2 - type: integer 
	Parameter C_S_AXI_ID_WIDTH bound to: 1 - type: integer 
	Parameter C_S_AXI_DATA_WIDTH bound to: 32 - type: integer 
	Parameter C_S_AXI_ADDR_WIDTH bound to: 17 - type: integer 
	Parameter C_S_AXI_AWUSER_WIDTH bound to: 1 - type: integer 
	Parameter C_S_AXI_ARUSER_WIDTH bound to: 1 - type: integer 
	Parameter C_S_AXI_WUSER_WIDTH bound to: 1 - type: integer 
	Parameter C_S_AXI_RUSER_WIDTH bound to: 1 - type: integer 
	Parameter C_S_AXI_BUSER_WIDTH bound to: 1 - type: integer 
INFO: [Synth 8-3491] module 'uart_axifull_v1_0_S01_AXI' declared at 'c:/Users/mafassi/Desktop/13MHz_UART - Copie/Working UART at 13Mhz/ip_repo/uart_axifull_1.0/hdl/uart_axifull_v1_0_S01_AXI.vhd:5' bound to instance 'uart_axifull_v1_0_S01_AXI_inst' of component 'uart_axifull_v1_0_S01_AXI' [c:/Users/mafassi/Desktop/13MHz_UART - Copie/Working UART at 13Mhz/ip_repo/uart_axifull_1.0/hdl/uart_axifull_v1_0.vhd:267]
INFO: [Synth 8-638] synthesizing module 'uart_axifull_v1_0_S01_AXI' [c:/Users/mafassi/Desktop/13MHz_UART - Copie/Working UART at 13Mhz/ip_repo/uart_axifull_1.0/hdl/uart_axifull_v1_0_S01_AXI.vhd:179]
	Parameter c_clkfreq bound to: 50000000 - type: integer 
	Parameter c_baudrate bound to: 115200 - type: integer 
	Parameter c_stopbit bound to: 2 - type: integer 
	Parameter C_S_AXI_ID_WIDTH bound to: 1 - type: integer 
	Parameter C_S_AXI_DATA_WIDTH bound to: 32 - type: integer 
	Parameter C_S_AXI_ADDR_WIDTH bound to: 17 - type: integer 
	Parameter C_S_AXI_AWUSER_WIDTH bound to: 1 - type: integer 
	Parameter C_S_AXI_ARUSER_WIDTH bound to: 1 - type: integer 
	Parameter C_S_AXI_WUSER_WIDTH bound to: 1 - type: integer 
	Parameter C_S_AXI_RUSER_WIDTH bound to: 1 - type: integer 
	Parameter C_S_AXI_BUSER_WIDTH bound to: 1 - type: integer 
	Parameter c_clkfreq bound to: 50000000 - type: integer 
	Parameter c_baudrate bound to: 115200 - type: integer 
	Parameter c_stopbit bound to: 2 - type: integer 
INFO: [Synth 8-3491] module 'uart_tx' declared at 'c:/Users/mafassi/Desktop/13MHz_UART - Copie/Working UART at 13Mhz/ip_repo/uart_axifull_1.0/hdl/uart_tx.vhd:7' bound to instance 'I_UART_TX' of component 'uart_tx' [c:/Users/mafassi/Desktop/13MHz_UART - Copie/Working UART at 13Mhz/ip_repo/uart_axifull_1.0/hdl/uart_axifull_v1_0_S01_AXI.vhd:602]
INFO: [Synth 8-638] synthesizing module 'uart_tx' [c:/Users/mafassi/Desktop/13MHz_UART - Copie/Working UART at 13Mhz/ip_repo/uart_axifull_1.0/hdl/uart_tx.vhd:23]
	Parameter c_clkfreq bound to: 50000000 - type: integer 
	Parameter c_baudrate bound to: 115200 - type: integer 
	Parameter c_stopbit bound to: 2 - type: integer 
INFO: [Synth 8-256] done synthesizing module 'uart_tx' (2#1) [c:/Users/mafassi/Desktop/13MHz_UART - Copie/Working UART at 13Mhz/ip_repo/uart_axifull_1.0/hdl/uart_tx.vhd:23]
INFO: [Synth 8-256] done synthesizing module 'uart_axifull_v1_0_S01_AXI' (3#1) [c:/Users/mafassi/Desktop/13MHz_UART - Copie/Working UART at 13Mhz/ip_repo/uart_axifull_1.0/hdl/uart_axifull_v1_0_S01_AXI.vhd:179]
INFO: [Synth 8-256] done synthesizing module 'uart_axifull_v1_0' (4#1) [c:/Users/mafassi/Desktop/13MHz_UART - Copie/Working UART at 13Mhz/ip_repo/uart_axifull_1.0/hdl/uart_axifull_v1_0.vhd:112]
---------------------------------------------------------------------------------
Finished RTL Elaboration : Time (s): cpu = 00:00:03 ; elapsed = 00:00:03 . Memory (MB): peak = 2051.969 ; gain = 0.000
---------------------------------------------------------------------------------
---------------------------------------------------------------------------------
Start Handling Custom Attributes
---------------------------------------------------------------------------------
---------------------------------------------------------------------------------
Finished Handling Custom Attributes : Time (s): cpu = 00:00:03 ; elapsed = 00:00:04 . Memory (MB): peak = 2061.699 ; gain = 9.730
---------------------------------------------------------------------------------
---------------------------------------------------------------------------------
Finished RTL Optimization Phase 1 : Time (s): cpu = 00:00:03 ; elapsed = 00:00:04 . Memory (MB): peak = 2061.699 ; gain = 9.730
---------------------------------------------------------------------------------
Netlist sorting complete. Time (s): cpu = 00:00:00 ; elapsed = 00:00:00.013 . Memory (MB): peak = 2061.699 ; gain = 0.000
INFO: [Project 1-570] Preparing netlist for logic optimization

Processing XDC Constraints
Initializing timing engine
Completed Processing XDC Constraints

Netlist sorting complete. Time (s): cpu = 00:00:00 ; elapsed = 00:00:00 . Memory (MB): peak = 2174.355 ; gain = 0.000
INFO: [Project 1-111] Unisim Transformation Summary:
No Unisim elements were transformed.

RTL Elaboration Complete:  : Time (s): cpu = 00:00:09 ; elapsed = 00:00:06 . Memory (MB): peak = 2218.805 ; gain = 166.836
15 Infos, 0 Warnings, 0 Critical Warnings and 0 Errors encountered.
synth_design completed successfully
synth_design: Time (s): cpu = 00:00:09 ; elapsed = 00:00:06 . Memory (MB): peak = 2219.164 ; gain = 167.195
INFO: [Common 17-600] The following parameters have non-default value.
general.maxThreads
close_design
synth_design -rtl -rtl_skip_mlo -name rtl_1
Command: synth_design -rtl -rtl_skip_mlo -name rtl_1
Starting synth_design
Using part: xc7a15tcpg236-1
Top: uart_axifull_v1_0
---------------------------------------------------------------------------------
Starting RTL Elaboration : Time (s): cpu = 00:00:02 ; elapsed = 00:00:02 . Memory (MB): peak = 2247.465 ; gain = 0.000
---------------------------------------------------------------------------------
INFO: [Synth 8-638] synthesizing module 'uart_axifull_v1_0' [c:/Users/mafassi/Desktop/13MHz_UART - Copie/Working UART at 13Mhz/ip_repo/uart_axifull_1.0/hdl/uart_axifull_v1_0.vhd:112]
	Parameter c_clkfreq bound to: 50000000 - type: integer 
	Parameter c_baudrate bound to: 115200 - type: integer 
	Parameter c_stopbit bound to: 2 - type: integer 
	Parameter C_S00_AXI_DATA_WIDTH bound to: 32 - type: integer 
	Parameter C_S00_AXI_ADDR_WIDTH bound to: 4 - type: integer 
	Parameter C_S01_AXI_ID_WIDTH bound to: 1 - type: integer 
	Parameter C_S01_AXI_DATA_WIDTH bound to: 32 - type: integer 
	Parameter C_S01_AXI_ADDR_WIDTH bound to: 17 - type: integer 
	Parameter C_S01_AXI_AWUSER_WIDTH bound to: 1 - type: integer 
	Parameter C_S01_AXI_ARUSER_WIDTH bound to: 1 - type: integer 
	Parameter C_S01_AXI_WUSER_WIDTH bound to: 1 - type: integer 
	Parameter C_S01_AXI_RUSER_WIDTH bound to: 1 - type: integer 
	Parameter C_S01_AXI_BUSER_WIDTH bound to: 1 - type: integer 
	Parameter C_S_AXI_DATA_WIDTH bound to: 32 - type: integer 
	Parameter C_S_AXI_ADDR_WIDTH bound to: 4 - type: integer 
INFO: [Synth 8-3491] module 'uart_axifull_v1_0_S00_AXI' declared at 'c:/Users/mafassi/Desktop/13MHz_UART - Copie/Working UART at 13Mhz/ip_repo/uart_axifull_1.0/hdl/uart_axifull_v1_0_S00_AXI.vhd:5' bound to instance 'uart_axifull_v1_0_S00_AXI_inst' of component 'uart_axifull_v1_0_S00_AXI' [c:/Users/mafassi/Desktop/13MHz_UART - Copie/Working UART at 13Mhz/ip_repo/uart_axifull_1.0/hdl/uart_axifull_v1_0.vhd:232]
INFO: [Synth 8-638] synthesizing module 'uart_axifull_v1_0_S00_AXI' [c:/Users/mafassi/Desktop/13MHz_UART - Copie/Working UART at 13Mhz/ip_repo/uart_axifull_1.0/hdl/uart_axifull_v1_0_S00_AXI.vhd:90]
	Parameter C_S_AXI_DATA_WIDTH bound to: 32 - type: integer 
	Parameter C_S_AXI_ADDR_WIDTH bound to: 4 - type: integer 
INFO: [Synth 8-226] default block is never used [c:/Users/mafassi/Desktop/13MHz_UART - Copie/Working UART at 13Mhz/ip_repo/uart_axifull_1.0/hdl/uart_axifull_v1_0_S00_AXI.vhd:233]
INFO: [Synth 8-226] default block is never used [c:/Users/mafassi/Desktop/13MHz_UART - Copie/Working UART at 13Mhz/ip_repo/uart_axifull_1.0/hdl/uart_axifull_v1_0_S00_AXI.vhd:363]
INFO: [Synth 8-256] done synthesizing module 'uart_axifull_v1_0_S00_AXI' (1#1) [c:/Users/mafassi/Desktop/13MHz_UART - Copie/Working UART at 13Mhz/ip_repo/uart_axifull_1.0/hdl/uart_axifull_v1_0_S00_AXI.vhd:90]
	Parameter c_clkfreq bound to: 50000000 - type: integer 
	Parameter c_baudrate bound to: 115200 - type: integer 
	Parameter c_stopbit bound to: 2 - type: integer 
	Parameter C_S_AXI_ID_WIDTH bound to: 1 - type: integer 
	Parameter C_S_AXI_DATA_WIDTH bound to: 32 - type: integer 
	Parameter C_S_AXI_ADDR_WIDTH bound to: 17 - type: integer 
	Parameter C_S_AXI_AWUSER_WIDTH bound to: 1 - type: integer 
	Parameter C_S_AXI_ARUSER_WIDTH bound to: 1 - type: integer 
	Parameter C_S_AXI_WUSER_WIDTH bound to: 1 - type: integer 
	Parameter C_S_AXI_RUSER_WIDTH bound to: 1 - type: integer 
	Parameter C_S_AXI_BUSER_WIDTH bound to: 1 - type: integer 
INFO: [Synth 8-3491] module 'uart_axifull_v1_0_S01_AXI' declared at 'c:/Users/mafassi/Desktop/13MHz_UART - Copie/Working UART at 13Mhz/ip_repo/uart_axifull_1.0/hdl/uart_axifull_v1_0_S01_AXI.vhd:5' bound to instance 'uart_axifull_v1_0_S01_AXI_inst' of component 'uart_axifull_v1_0_S01_AXI' [c:/Users/mafassi/Desktop/13MHz_UART - Copie/Working UART at 13Mhz/ip_repo/uart_axifull_1.0/hdl/uart_axifull_v1_0.vhd:267]
INFO: [Synth 8-638] synthesizing module 'uart_axifull_v1_0_S01_AXI' [c:/Users/mafassi/Desktop/13MHz_UART - Copie/Working UART at 13Mhz/ip_repo/uart_axifull_1.0/hdl/uart_axifull_v1_0_S01_AXI.vhd:179]
	Parameter c_clkfreq bound to: 50000000 - type: integer 
	Parameter c_baudrate bound to: 115200 - type: integer 
	Parameter c_stopbit bound to: 2 - type: integer 
	Parameter C_S_AXI_ID_WIDTH bound to: 1 - type: integer 
	Parameter C_S_AXI_DATA_WIDTH bound to: 32 - type: integer 
	Parameter C_S_AXI_ADDR_WIDTH bound to: 17 - type: integer 
	Parameter C_S_AXI_AWUSER_WIDTH bound to: 1 - type: integer 
	Parameter C_S_AXI_ARUSER_WIDTH bound to: 1 - type: integer 
	Parameter C_S_AXI_WUSER_WIDTH bound to: 1 - type: integer 
	Parameter C_S_AXI_RUSER_WIDTH bound to: 1 - type: integer 
	Parameter C_S_AXI_BUSER_WIDTH bound to: 1 - type: integer 
	Parameter c_clkfreq bound to: 50000000 - type: integer 
	Parameter c_baudrate bound to: 115200 - type: integer 
	Parameter c_stopbit bound to: 2 - type: integer 
INFO: [Synth 8-3491] module 'uart_tx' declared at 'c:/Users/mafassi/Desktop/13MHz_UART - Copie/Working UART at 13Mhz/ip_repo/uart_axifull_1.0/hdl/uart_tx.vhd:7' bound to instance 'I_UART_TX' of component 'uart_tx' [c:/Users/mafassi/Desktop/13MHz_UART - Copie/Working UART at 13Mhz/ip_repo/uart_axifull_1.0/hdl/uart_axifull_v1_0_S01_AXI.vhd:602]
INFO: [Synth 8-638] synthesizing module 'uart_tx' [c:/Users/mafassi/Desktop/13MHz_UART - Copie/Working UART at 13Mhz/ip_repo/uart_axifull_1.0/hdl/uart_tx.vhd:23]
	Parameter c_clkfreq bound to: 50000000 - type: integer 
	Parameter c_baudrate bound to: 115200 - type: integer 
	Parameter c_stopbit bound to: 2 - type: integer 
INFO: [Synth 8-256] done synthesizing module 'uart_tx' (2#1) [c:/Users/mafassi/Desktop/13MHz_UART - Copie/Working UART at 13Mhz/ip_repo/uart_axifull_1.0/hdl/uart_tx.vhd:23]
INFO: [Synth 8-256] done synthesizing module 'uart_axifull_v1_0_S01_AXI' (3#1) [c:/Users/mafassi/Desktop/13MHz_UART - Copie/Working UART at 13Mhz/ip_repo/uart_axifull_1.0/hdl/uart_axifull_v1_0_S01_AXI.vhd:179]
ERROR: [Synth 8-549] port width mismatch for port 'data_length_i': port width = 10, actual width = 17 [c:/Users/mafassi/Desktop/13MHz_UART - Copie/Working UART at 13Mhz/ip_repo/uart_axifull_1.0/hdl/uart_axifull_v1_0.vhd:267]
ERROR: [Synth 8-285] failed synthesizing module 'uart_axifull_v1_0' [c:/Users/mafassi/Desktop/13MHz_UART - Copie/Working UART at 13Mhz/ip_repo/uart_axifull_1.0/hdl/uart_axifull_v1_0.vhd:112]
---------------------------------------------------------------------------------
Finished RTL Elaboration : Time (s): cpu = 00:00:03 ; elapsed = 00:00:03 . Memory (MB): peak = 2247.465 ; gain = 0.000
---------------------------------------------------------------------------------
RTL Elaboration failed
12 Infos, 0 Warnings, 0 Critical Warnings and 3 Errors encountered.
synth_design failed
ERROR: [Vivado_Tcl 4-5] Elaboration failed - please see the console for details
synth_design -rtl -rtl_skip_mlo -name rtl_1
Command: synth_design -rtl -rtl_skip_mlo -name rtl_1
Starting synth_design
Using part: xc7a15tcpg236-1
Top: uart_axifull_v1_0
---------------------------------------------------------------------------------
Starting RTL Elaboration : Time (s): cpu = 00:00:02 ; elapsed = 00:00:02 . Memory (MB): peak = 2247.465 ; gain = 0.000
---------------------------------------------------------------------------------
INFO: [Synth 8-638] synthesizing module 'uart_axifull_v1_0' [c:/Users/mafassi/Desktop/13MHz_UART - Copie/Working UART at 13Mhz/ip_repo/uart_axifull_1.0/hdl/uart_axifull_v1_0.vhd:112]
	Parameter c_clkfreq bound to: 50000000 - type: integer 
	Parameter c_baudrate bound to: 115200 - type: integer 
	Parameter c_stopbit bound to: 2 - type: integer 
	Parameter C_S00_AXI_DATA_WIDTH bound to: 32 - type: integer 
	Parameter C_S00_AXI_ADDR_WIDTH bound to: 4 - type: integer 
	Parameter C_S01_AXI_ID_WIDTH bound to: 1 - type: integer 
	Parameter C_S01_AXI_DATA_WIDTH bound to: 32 - type: integer 
	Parameter C_S01_AXI_ADDR_WIDTH bound to: 17 - type: integer 
	Parameter C_S01_AXI_AWUSER_WIDTH bound to: 1 - type: integer 
	Parameter C_S01_AXI_ARUSER_WIDTH bound to: 1 - type: integer 
	Parameter C_S01_AXI_WUSER_WIDTH bound to: 1 - type: integer 
	Parameter C_S01_AXI_RUSER_WIDTH bound to: 1 - type: integer 
	Parameter C_S01_AXI_BUSER_WIDTH bound to: 1 - type: integer 
	Parameter C_S_AXI_DATA_WIDTH bound to: 32 - type: integer 
	Parameter C_S_AXI_ADDR_WIDTH bound to: 4 - type: integer 
INFO: [Synth 8-3491] module 'uart_axifull_v1_0_S00_AXI' declared at 'c:/Users/mafassi/Desktop/13MHz_UART - Copie/Working UART at 13Mhz/ip_repo/uart_axifull_1.0/hdl/uart_axifull_v1_0_S00_AXI.vhd:5' bound to instance 'uart_axifull_v1_0_S00_AXI_inst' of component 'uart_axifull_v1_0_S00_AXI' [c:/Users/mafassi/Desktop/13MHz_UART - Copie/Working UART at 13Mhz/ip_repo/uart_axifull_1.0/hdl/uart_axifull_v1_0.vhd:232]
INFO: [Synth 8-638] synthesizing module 'uart_axifull_v1_0_S00_AXI' [c:/Users/mafassi/Desktop/13MHz_UART - Copie/Working UART at 13Mhz/ip_repo/uart_axifull_1.0/hdl/uart_axifull_v1_0_S00_AXI.vhd:90]
	Parameter C_S_AXI_DATA_WIDTH bound to: 32 - type: integer 
	Parameter C_S_AXI_ADDR_WIDTH bound to: 4 - type: integer 
INFO: [Synth 8-226] default block is never used [c:/Users/mafassi/Desktop/13MHz_UART - Copie/Working UART at 13Mhz/ip_repo/uart_axifull_1.0/hdl/uart_axifull_v1_0_S00_AXI.vhd:233]
INFO: [Synth 8-226] default block is never used [c:/Users/mafassi/Desktop/13MHz_UART - Copie/Working UART at 13Mhz/ip_repo/uart_axifull_1.0/hdl/uart_axifull_v1_0_S00_AXI.vhd:363]
INFO: [Synth 8-256] done synthesizing module 'uart_axifull_v1_0_S00_AXI' (1#1) [c:/Users/mafassi/Desktop/13MHz_UART - Copie/Working UART at 13Mhz/ip_repo/uart_axifull_1.0/hdl/uart_axifull_v1_0_S00_AXI.vhd:90]
	Parameter c_clkfreq bound to: 50000000 - type: integer 
	Parameter c_baudrate bound to: 115200 - type: integer 
	Parameter c_stopbit bound to: 2 - type: integer 
	Parameter C_S_AXI_ID_WIDTH bound to: 1 - type: integer 
	Parameter C_S_AXI_DATA_WIDTH bound to: 32 - type: integer 
	Parameter C_S_AXI_ADDR_WIDTH bound to: 17 - type: integer 
	Parameter C_S_AXI_AWUSER_WIDTH bound to: 1 - type: integer 
	Parameter C_S_AXI_ARUSER_WIDTH bound to: 1 - type: integer 
	Parameter C_S_AXI_WUSER_WIDTH bound to: 1 - type: integer 
	Parameter C_S_AXI_RUSER_WIDTH bound to: 1 - type: integer 
	Parameter C_S_AXI_BUSER_WIDTH bound to: 1 - type: integer 
INFO: [Synth 8-3491] module 'uart_axifull_v1_0_S01_AXI' declared at 'c:/Users/mafassi/Desktop/13MHz_UART - Copie/Working UART at 13Mhz/ip_repo/uart_axifull_1.0/hdl/uart_axifull_v1_0_S01_AXI.vhd:5' bound to instance 'uart_axifull_v1_0_S01_AXI_inst' of component 'uart_axifull_v1_0_S01_AXI' [c:/Users/mafassi/Desktop/13MHz_UART - Copie/Working UART at 13Mhz/ip_repo/uart_axifull_1.0/hdl/uart_axifull_v1_0.vhd:267]
INFO: [Synth 8-638] synthesizing module 'uart_axifull_v1_0_S01_AXI' [c:/Users/mafassi/Desktop/13MHz_UART - Copie/Working UART at 13Mhz/ip_repo/uart_axifull_1.0/hdl/uart_axifull_v1_0_S01_AXI.vhd:179]
	Parameter c_clkfreq bound to: 50000000 - type: integer 
	Parameter c_baudrate bound to: 115200 - type: integer 
	Parameter c_stopbit bound to: 2 - type: integer 
	Parameter C_S_AXI_ID_WIDTH bound to: 1 - type: integer 
	Parameter C_S_AXI_DATA_WIDTH bound to: 32 - type: integer 
	Parameter C_S_AXI_ADDR_WIDTH bound to: 17 - type: integer 
	Parameter C_S_AXI_AWUSER_WIDTH bound to: 1 - type: integer 
	Parameter C_S_AXI_ARUSER_WIDTH bound to: 1 - type: integer 
	Parameter C_S_AXI_WUSER_WIDTH bound to: 1 - type: integer 
	Parameter C_S_AXI_RUSER_WIDTH bound to: 1 - type: integer 
	Parameter C_S_AXI_BUSER_WIDTH bound to: 1 - type: integer 
	Parameter c_clkfreq bound to: 50000000 - type: integer 
	Parameter c_baudrate bound to: 115200 - type: integer 
	Parameter c_stopbit bound to: 2 - type: integer 
INFO: [Synth 8-3491] module 'uart_tx' declared at 'c:/Users/mafassi/Desktop/13MHz_UART - Copie/Working UART at 13Mhz/ip_repo/uart_axifull_1.0/hdl/uart_tx.vhd:7' bound to instance 'I_UART_TX' of component 'uart_tx' [c:/Users/mafassi/Desktop/13MHz_UART - Copie/Working UART at 13Mhz/ip_repo/uart_axifull_1.0/hdl/uart_axifull_v1_0_S01_AXI.vhd:602]
INFO: [Synth 8-638] synthesizing module 'uart_tx' [c:/Users/mafassi/Desktop/13MHz_UART - Copie/Working UART at 13Mhz/ip_repo/uart_axifull_1.0/hdl/uart_tx.vhd:23]
	Parameter c_clkfreq bound to: 50000000 - type: integer 
	Parameter c_baudrate bound to: 115200 - type: integer 
	Parameter c_stopbit bound to: 2 - type: integer 
INFO: [Synth 8-256] done synthesizing module 'uart_tx' (2#1) [c:/Users/mafassi/Desktop/13MHz_UART - Copie/Working UART at 13Mhz/ip_repo/uart_axifull_1.0/hdl/uart_tx.vhd:23]
INFO: [Synth 8-256] done synthesizing module 'uart_axifull_v1_0_S01_AXI' (3#1) [c:/Users/mafassi/Desktop/13MHz_UART - Copie/Working UART at 13Mhz/ip_repo/uart_axifull_1.0/hdl/uart_axifull_v1_0_S01_AXI.vhd:179]
INFO: [Synth 8-256] done synthesizing module 'uart_axifull_v1_0' (4#1) [c:/Users/mafassi/Desktop/13MHz_UART - Copie/Working UART at 13Mhz/ip_repo/uart_axifull_1.0/hdl/uart_axifull_v1_0.vhd:112]
---------------------------------------------------------------------------------
Finished RTL Elaboration : Time (s): cpu = 00:00:03 ; elapsed = 00:00:03 . Memory (MB): peak = 2247.465 ; gain = 0.000
---------------------------------------------------------------------------------
---------------------------------------------------------------------------------
Start Handling Custom Attributes
---------------------------------------------------------------------------------
---------------------------------------------------------------------------------
Finished Handling Custom Attributes : Time (s): cpu = 00:00:03 ; elapsed = 00:00:03 . Memory (MB): peak = 2247.465 ; gain = 0.000
---------------------------------------------------------------------------------
---------------------------------------------------------------------------------
Finished RTL Optimization Phase 1 : Time (s): cpu = 00:00:03 ; elapsed = 00:00:03 . Memory (MB): peak = 2247.465 ; gain = 0.000
---------------------------------------------------------------------------------
Netlist sorting complete. Time (s): cpu = 00:00:00 ; elapsed = 00:00:00.013 . Memory (MB): peak = 2247.465 ; gain = 0.000
INFO: [Project 1-570] Preparing netlist for logic optimization

Processing XDC Constraints
Initializing timing engine
Completed Processing XDC Constraints

Netlist sorting complete. Time (s): cpu = 00:00:00 ; elapsed = 00:00:00 . Memory (MB): peak = 2247.465 ; gain = 0.000
INFO: [Project 1-111] Unisim Transformation Summary:
No Unisim elements were transformed.

RTL Elaboration Complete:  : Time (s): cpu = 00:00:08 ; elapsed = 00:00:05 . Memory (MB): peak = 2247.465 ; gain = 0.000
15 Infos, 0 Warnings, 0 Critical Warnings and 0 Errors encountered.
synth_design completed successfully
synth_design: Time (s): cpu = 00:00:08 ; elapsed = 00:00:05 . Memory (MB): peak = 2247.465 ; gain = 0.000
INFO: [Common 17-600] The following parameters have non-default value.
general.maxThreads
ipx::merge_project_changes files [ipx::current_core]
WARNING: [IP_Flow 19-5226] Project source file 'c:/Users/mafassi/Desktop/13MHz_UART - Copie/Working UART at 13Mhz/ip_repo/uart_axifull_1.0/component.xml' ignored by IP packager.
ipx::merge_project_changes hdl_parameters [ipx::current_core]
WARNING: [IP_Flow 19-5226] Project source file 'c:/Users/mafassi/Desktop/13MHz_UART - Copie/Working UART at 13Mhz/ip_repo/uart_axifull_1.0/component.xml' ignored by IP packager.
INFO: [IP_Flow 19-3166] Bus Interface 'S00_AXI': References existing memory map 'S00_AXI'.
INFO: [IP_Flow 19-3166] Bus Interface 'S01_AXI': References existing memory map 'S01_AXI'.
set_property core_revision 35 [ipx::current_core]
ipx::update_source_project_archive -component [ipx::current_core]
ipx::create_xgui_files [ipx::current_core]
ipx::update_checksums [ipx::current_core]
ipx::check_integrity [ipx::current_core]
INFO: [IP_Flow 19-2181] Payment Required is not set for this core.
INFO: [IP_Flow 19-2187] The Product Guide file is missing.
INFO: [Ipptcl 7-1486] check_integrity: Integrity check passed.
ipx::save_core [ipx::current_core]
ipx::move_temp_component_back -component [ipx::current_core]
close_project -delete
update_ip_catalog -rebuild -repo_path {c:/Users/mafassi/Desktop/13MHz_UART - Copie/Working UART at 13Mhz/ip_repo/uart_axifull_1.0}
INFO: [IP_Flow 19-725] Reloaded user IP repository 'c:/Users/mafassi/Desktop/13MHz_UART - Copie/Working UART at 13Mhz/ip_repo/uart_axifull_1.0'
report_ip_status -name ip_status 
upgrade_ip -vlnv Laudren.local:user:uart_axifull:1.0 [get_ips  design_1_uart_axifull_0_3] -log ip_upgrade.log
Upgrading 'C:/Users/mafassi/Desktop/13MHz_UART_25Ko_parity/Vivado project/Microblaze5.srcs/sources_1/bd/design_1/design_1.bd'
INFO: [IP_Flow 19-3422] Upgraded design_1_uart_axifull_0_3 (uart_axifull_v1.0 1.0) from revision 34 to revision 35
Wrote  : <C:\Users\mafassi\Desktop\13MHz_UART_25Ko_parity\Vivado project\Microblaze5.srcs\sources_1\bd\design_1\design_1.bd> 
Wrote  : <C:/Users/mafassi/Desktop/13MHz_UART_25Ko_parity/Vivado project/Microblaze5.srcs/sources_1/bd/design_1/ui/bd_1f5defd0.ui> 
INFO: [Coretcl 2-1525] Wrote upgrade log to 'C:/Users/mafassi/Desktop/13MHz_UART_25Ko_parity/Vivado project/ip_upgrade.log'.
export_ip_user_files -of_objects [get_ips design_1_uart_axifull_0_3] -no_script -sync -force -quiet
generate_target all [get_files  {{C:/Users/mafassi/Desktop/13MHz_UART_25Ko_parity/Vivado project/Microblaze5.srcs/sources_1/bd/design_1/design_1.bd}}]
CRITICAL WARNING: [BD 41-1367] The port name 'Input' of cell '/LVDS_Transmitter_0' is a reserved keyword in a Hardware Description Language. Please consider renaming the port.
WARNING: [IP_Flow 19-3374] An attempt to modify the value of disabled parameter 'PRIM_IN_FREQ' from '12.000' to '100.000' has been ignored for IP 'clk_wiz_1'
WARNING: [IP_Flow 19-3374] An attempt to modify the value of disabled parameter 'PRIM_IN_FREQ' from '12.000' to '100.000' has been ignored for IP 'clk_wiz_1'
INFO: [xilinx.com:ip:axi_quad_spi:3.2-1] /axi_quad_spi_0 
                  ########################################################################################
                  INFO: AXI Quad SPI core's AXI Lite Clock and EXT SPI CLK are asynchronous to each other.
                  ########################################################################################
INFO: [xilinx.com:ip:axi_quad_spi:3.2-1] /axi_quad_spi_0 
                  ########################################################################################
                  INFO: AXI Quad SPI core's AXI Lite Clock and EXT SPI CLK are asynchronous to each other.
                  ########################################################################################
INFO: [xilinx.com:ip:clk_wiz:6.0-1] /clk_wiz_1 clk_wiz propagate
INFO: [xilinx.com:ip:clk_wiz:6.0-1] /clk_wiz_1 clk_wiz propagate
INFO: [xilinx.com:ip:axi_intc:4.1-1] /microblaze_0_axi_intc: The AXI INTC core has been configured to operate with synchronous clocks.
INFO: [xilinx.com:ip:axi_intc:4.1-1] /microblaze_0_axi_intc: The AXI INTC core has been configured to operate with synchronous clocks.
WARNING: [xilinx.com:ip:axi_intc:4.1-6] /microblaze_0_axi_intc: Property SENSITIVITY = "NULL" for interrupt input 4 not recognized - using default interrupt type Rising Edge. Please change this manually if necessary.
WARNING: [xilinx.com:ip:axi_intc:4.1-6] /microblaze_0_axi_intc: Property SENSITIVITY = "NULL" for interrupt input 3 not recognized - using default interrupt type Rising Edge. Please change this manually if necessary.
WARNING: [xilinx.com:ip:axi_intc:4.1-6] /microblaze_0_axi_intc: Property SENSITIVITY = "NULL" for interrupt input 2 not recognized - using default interrupt type Rising Edge. Please change this manually if necessary.
WARNING: [xilinx.com:ip:axi_intc:4.1-6] /microblaze_0_axi_intc: Property SENSITIVITY = "NULL" for interrupt input 1 not recognized - using default interrupt type Rising Edge. Please change this manually if necessary.
WARNING: [xilinx.com:ip:axi_intc:4.1-6] /microblaze_0_axi_intc: Property SENSITIVITY = "NULL" for interrupt input 0 not recognized - using default interrupt type Rising Edge. Please change this manually if necessary.
Wrote  : <C:\Users\mafassi\Desktop\13MHz_UART_25Ko_parity\Vivado project\Microblaze5.srcs\sources_1\bd\design_1\design_1.bd> 
VHDL Output written to : c:/Users/mafassi/Desktop/13MHz_UART_25Ko_parity/Vivado project/Microblaze5.gen/sources_1/bd/design_1/synth/design_1.vhd
VHDL Output written to : c:/Users/mafassi/Desktop/13MHz_UART_25Ko_parity/Vivado project/Microblaze5.gen/sources_1/bd/design_1/sim/design_1.vhd
VHDL Output written to : c:/Users/mafassi/Desktop/13MHz_UART_25Ko_parity/Vivado project/Microblaze5.gen/sources_1/bd/design_1/hdl/design_1_wrapper.vhd
INFO: [BD 41-1029] Generation completed for the IP Integrator block uart_axifull_0 .
WARNING: [IP_Flow 19-4994] Overwriting existing constraint file 'c:/Users/mafassi/Desktop/13MHz_UART_25Ko_parity/Vivado project/Microblaze5.gen/sources_1/bd/design_1/ip/design_1_auto_pc_0/design_1_auto_pc_0_ooc.xdc'
WARNING: [IP_Flow 19-5160] IP 'design_1_auto_pc_0' detected simulation language mismatch. Simulation type 'rtl' does not support 'VHDL' outputs (see project's "simulator_language" property), delivering 'Verilog' outputs instead.
WARNING: [IP_Flow 19-5160] IP 'design_1_auto_pc_0' detected simulation language mismatch. Simulation type 'tlm' does not support 'VHDL' outputs (see project's "simulator_language" property), delivering 'SystemC' outputs instead.
INFO: [BD 41-1029] Generation completed for the IP Integrator block microblaze_0_axi_periph/m04_couplers/auto_pc .
Exporting to file c:/Users/mafassi/Desktop/13MHz_UART_25Ko_parity/Vivado project/Microblaze5.gen/sources_1/bd/design_1/hw_handoff/design_1.hwh
Generated Block Design Tcl file c:/Users/mafassi/Desktop/13MHz_UART_25Ko_parity/Vivado project/Microblaze5.gen/sources_1/bd/design_1/hw_handoff/design_1_bd.tcl
Generated Hardware Definition File c:/Users/mafassi/Desktop/13MHz_UART_25Ko_parity/Vivado project/Microblaze5.gen/sources_1/bd/design_1/synth/design_1.hwdef
generate_target: Time (s): cpu = 00:00:15 ; elapsed = 00:00:13 . Memory (MB): peak = 2304.699 ; gain = 0.000
catch { config_ip_cache -export [get_ips -all design_1_uart_axifull_0_3] }
catch { config_ip_cache -export [get_ips -all design_1_auto_pc_0] }
INFO: [IP_Flow 19-4993] Using cached IP synthesis design for IP design_1_auto_pc_0, cache-ID = 5cebe1694b2c4106; cache size = 241.182 MB.
export_ip_user_files -of_objects [get_files {{C:/Users/mafassi/Desktop/13MHz_UART_25Ko_parity/Vivado project/Microblaze5.srcs/sources_1/bd/design_1/design_1.bd}}] -no_script -sync -force -quiet
create_ip_run [get_files -of_objects [get_fileset sources_1] {{C:/Users/mafassi/Desktop/13MHz_UART_25Ko_parity/Vivado project/Microblaze5.srcs/sources_1/bd/design_1/design_1.bd}}]
launch_runs design_1_uart_axifull_0_3_synth_1 -jobs 10
[Mon Aug  7 10:43:12 2023] Launched design_1_uart_axifull_0_3_synth_1...
Run output will be captured here: C:/Users/mafassi/Desktop/13MHz_UART_25Ko_parity/Vivado project/Microblaze5.runs/design_1_uart_axifull_0_3_synth_1/runme.log
export_simulation -of_objects [get_files {{C:/Users/mafassi/Desktop/13MHz_UART_25Ko_parity/Vivado project/Microblaze5.srcs/sources_1/bd/design_1/design_1.bd}}] -directory {C:/Users/mafassi/Desktop/13MHz_UART_25Ko_parity/Vivado project/Microblaze5.ip_user_files/sim_scripts} -ip_user_files_dir {C:/Users/mafassi/Desktop/13MHz_UART_25Ko_parity/Vivado project/Microblaze5.ip_user_files} -ipstatic_source_dir {C:/Users/mafassi/Desktop/13MHz_UART_25Ko_parity/Vivado project/Microblaze5.ip_user_files/ipstatic} -lib_map_path [list {modelsim=C:/Users/mafassi/Desktop/13MHz_UART_25Ko_parity/Vivado project/Microblaze5.cache/compile_simlib/modelsim} {questa=C:/Users/mafassi/Desktop/13MHz_UART_25Ko_parity/Vivado project/Microblaze5.cache/compile_simlib/questa} {riviera=C:/Users/mafassi/Desktop/13MHz_UART_25Ko_parity/Vivado project/Microblaze5.cache/compile_simlib/riviera} {activehdl=C:/Users/mafassi/Desktop/13MHz_UART_25Ko_parity/Vivado project/Microblaze5.cache/compile_simlib/activehdl}] -use_ip_compiled_libs -force -quiet
report_ip_status -name ip_status 
reset_run synth_1
launch_runs impl_1 -to_step write_bitstream -jobs 10
[Mon Aug  7 10:44:15 2023] Launched synth_1...
Run output will be captured here: C:/Users/mafassi/Desktop/13MHz_UART_25Ko_parity/Vivado project/Microblaze5.runs/synth_1/runme.log
[Mon Aug  7 10:44:15 2023] Launched impl_1...
Run output will be captured here: C:/Users/mafassi/Desktop/13MHz_UART_25Ko_parity/Vivado project/Microblaze5.runs/impl_1/runme.log
WARNING: [Vivado 12-818] No files matched 'C:/Users/mafassi/Desktop/13MHz_UART_25Ko_parity/Vivado'
WARNING: [Vivado 12-818] No files matched 'project/Microblaze5.srcs/sources_1/bd/design_1/design_1.bd'
ERROR: [Common 17-55] 'get_property' expects at least one object.
Resolution: If [get_<value>] was used to populate the object, check to make sure this command returns at least one valid object.
WARNING: [Vivado 12-818] No files matched 'C:/Users/mafassi/Desktop/13MHz_UART_25Ko_parity/Vivado'
WARNING: [Vivado 12-818] No files matched 'project/Microblaze5.srcs/sources_1/bd/design_1/design_1.bd'
ERROR: [Common 17-55] 'get_property' expects at least one object.
Resolution: If [get_<value>] was used to populate the object, check to make sure this command returns at least one valid object.
WARNING: [Vivado 12-818] No files matched 'C:/Users/mafassi/Desktop/13MHz_UART_25Ko_parity/Vivado'
WARNING: [Vivado 12-818] No files matched 'project/Microblaze5.srcs/sources_1/bd/design_1/design_1.bd'
ERROR: [Common 17-55] 'get_property' expects at least one object.
Resolution: If [get_<value>] was used to populate the object, check to make sure this command returns at least one valid object.
write_hw_platform -fixed -include_bit -force -file {C:/Users/mafassi/Desktop/13MHz_UART_25Ko_parity/Vivado project/Test_xsa_design.xsa}
INFO: [Vivado 12-4895] Creating Hardware Platform: C:/Users/mafassi/Desktop/13MHz_UART_25Ko_parity/Vivado project/Test_xsa_design.xsa ...
INFO: [Hsi 55-2053] elapsed time for repository (C:/Xilinx/Vivado/2020.2/data\embeddedsw) loading 0 seconds
WARNING: [Project 1-645] Board images not set in Hardware Platform.
INFO: [Vivado 12-12467] The Hardware Platform can be used for Hardware
INFO: [Vivado 12-4896] Successfully created Hardware Platform: C:/Users/mafassi/Desktop/13MHz_UART_25Ko_parity/Vivado project/Test_xsa_design.xsa
ipx::edit_ip_in_project -upgrade true -name uart_axifull_v1_0_project -directory {C:/Users/mafassi/Desktop/13MHz_UART_25Ko_parity/Vivado\ project/Microblaze5.tmp/uart_axifull_v1_0_project} {c:/Users/mafassi/Desktop/13MHz_UART - Copie/Working UART at 13Mhz/ip_repo/uart_axifull_1.0/component.xml}
INFO: [ProjectBase 1-489] The host OS only allows 260 characters in a normal path. The project is stored in a path with more than 80 characters. If you experience issues with IP, Block Designs, or files not being found, please consider moving the project to a location with a shorter path. Alternately consider using the OS subst command to map part of the path to a drive letter.
Current project path is 'c:/users/mafassi/desktop/13mhz_uart_25ko_parity/vivado project/microblaze5.tmp/uart_axifull_v1_0_project'
INFO: [IP_Flow 19-234] Refreshing IP repositories
INFO: [IP_Flow 19-1704] No user IP repositories specified
INFO: [IP_Flow 19-2313] Loaded Vivado IP repository 'C:/Xilinx/Vivado/2020.2/data/ip'.
INFO: [IP_Flow 19-234] Refreshing IP repositories
INFO: [IP_Flow 19-1700] Loaded user IP repository 'c:/Users/mafassi/Desktop/13MHz_UART - Copie/Working UART at 13Mhz/ip_repo/LVDS_Buffer'.
INFO: [IP_Flow 19-1700] Loaded user IP repository 'c:/Users/mafassi/Desktop/13MHz_UART - Copie/Working UART at 13Mhz/ip_repo/uart_axifull_1.0'.
WARNING: [IP_Flow 19-2248] Failed to load user IP repository 'c:/Users/mafassi/Desktop/13MHz_UART_25Ko_parity/ip_repo/my_custom_UART_1.0'; Can't find the specified path.
If this directory should no longer be in your list of user repositories, go to the IP Settings dialog and remove it.
INFO: [IP_Flow 19-1700] Loaded user IP repository 'c:/Users/mafassi/Downloads/fifo_ip'.
INFO: [IP_Flow 19-795] Syncing license key meta-data
update_compile_order -fileset sources_1
synth_design -rtl -rtl_skip_mlo -name rtl_1
Command: synth_design -rtl -rtl_skip_mlo -name rtl_1
Starting synth_design
Using part: xc7a15tcpg236-1
Top: uart_axifull_v1_0
---------------------------------------------------------------------------------
Starting RTL Elaboration : Time (s): cpu = 00:00:02 ; elapsed = 00:00:03 . Memory (MB): peak = 2309.203 ; gain = 0.000
---------------------------------------------------------------------------------
INFO: [Synth 8-638] synthesizing module 'uart_axifull_v1_0' [c:/Users/mafassi/Desktop/13MHz_UART - Copie/Working UART at 13Mhz/ip_repo/uart_axifull_1.0/hdl/uart_axifull_v1_0.vhd:112]
	Parameter c_clkfreq bound to: 50000000 - type: integer 
	Parameter c_baudrate bound to: 115200 - type: integer 
	Parameter c_stopbit bound to: 2 - type: integer 
	Parameter C_S00_AXI_DATA_WIDTH bound to: 32 - type: integer 
	Parameter C_S00_AXI_ADDR_WIDTH bound to: 4 - type: integer 
	Parameter C_S01_AXI_ID_WIDTH bound to: 1 - type: integer 
	Parameter C_S01_AXI_DATA_WIDTH bound to: 32 - type: integer 
	Parameter C_S01_AXI_ADDR_WIDTH bound to: 17 - type: integer 
	Parameter C_S01_AXI_AWUSER_WIDTH bound to: 1 - type: integer 
	Parameter C_S01_AXI_ARUSER_WIDTH bound to: 1 - type: integer 
	Parameter C_S01_AXI_WUSER_WIDTH bound to: 1 - type: integer 
	Parameter C_S01_AXI_RUSER_WIDTH bound to: 1 - type: integer 
	Parameter C_S01_AXI_BUSER_WIDTH bound to: 1 - type: integer 
	Parameter C_S_AXI_DATA_WIDTH bound to: 32 - type: integer 
	Parameter C_S_AXI_ADDR_WIDTH bound to: 4 - type: integer 
INFO: [Synth 8-3491] module 'uart_axifull_v1_0_S00_AXI' declared at 'c:/Users/mafassi/Desktop/13MHz_UART - Copie/Working UART at 13Mhz/ip_repo/uart_axifull_1.0/hdl/uart_axifull_v1_0_S00_AXI.vhd:5' bound to instance 'uart_axifull_v1_0_S00_AXI_inst' of component 'uart_axifull_v1_0_S00_AXI' [c:/Users/mafassi/Desktop/13MHz_UART - Copie/Working UART at 13Mhz/ip_repo/uart_axifull_1.0/hdl/uart_axifull_v1_0.vhd:232]
INFO: [Synth 8-638] synthesizing module 'uart_axifull_v1_0_S00_AXI' [c:/Users/mafassi/Desktop/13MHz_UART - Copie/Working UART at 13Mhz/ip_repo/uart_axifull_1.0/hdl/uart_axifull_v1_0_S00_AXI.vhd:90]
	Parameter C_S_AXI_DATA_WIDTH bound to: 32 - type: integer 
	Parameter C_S_AXI_ADDR_WIDTH bound to: 4 - type: integer 
INFO: [Synth 8-226] default block is never used [c:/Users/mafassi/Desktop/13MHz_UART - Copie/Working UART at 13Mhz/ip_repo/uart_axifull_1.0/hdl/uart_axifull_v1_0_S00_AXI.vhd:233]
INFO: [Synth 8-226] default block is never used [c:/Users/mafassi/Desktop/13MHz_UART - Copie/Working UART at 13Mhz/ip_repo/uart_axifull_1.0/hdl/uart_axifull_v1_0_S00_AXI.vhd:363]
INFO: [Synth 8-256] done synthesizing module 'uart_axifull_v1_0_S00_AXI' (1#1) [c:/Users/mafassi/Desktop/13MHz_UART - Copie/Working UART at 13Mhz/ip_repo/uart_axifull_1.0/hdl/uart_axifull_v1_0_S00_AXI.vhd:90]
	Parameter c_clkfreq bound to: 50000000 - type: integer 
	Parameter c_baudrate bound to: 115200 - type: integer 
	Parameter c_stopbit bound to: 2 - type: integer 
	Parameter C_S_AXI_ID_WIDTH bound to: 1 - type: integer 
	Parameter C_S_AXI_DATA_WIDTH bound to: 32 - type: integer 
	Parameter C_S_AXI_ADDR_WIDTH bound to: 17 - type: integer 
	Parameter C_S_AXI_AWUSER_WIDTH bound to: 1 - type: integer 
	Parameter C_S_AXI_ARUSER_WIDTH bound to: 1 - type: integer 
	Parameter C_S_AXI_WUSER_WIDTH bound to: 1 - type: integer 
	Parameter C_S_AXI_RUSER_WIDTH bound to: 1 - type: integer 
	Parameter C_S_AXI_BUSER_WIDTH bound to: 1 - type: integer 
INFO: [Synth 8-3491] module 'uart_axifull_v1_0_S01_AXI' declared at 'c:/Users/mafassi/Desktop/13MHz_UART - Copie/Working UART at 13Mhz/ip_repo/uart_axifull_1.0/hdl/uart_axifull_v1_0_S01_AXI.vhd:5' bound to instance 'uart_axifull_v1_0_S01_AXI_inst' of component 'uart_axifull_v1_0_S01_AXI' [c:/Users/mafassi/Desktop/13MHz_UART - Copie/Working UART at 13Mhz/ip_repo/uart_axifull_1.0/hdl/uart_axifull_v1_0.vhd:267]
INFO: [Synth 8-638] synthesizing module 'uart_axifull_v1_0_S01_AXI' [c:/Users/mafassi/Desktop/13MHz_UART - Copie/Working UART at 13Mhz/ip_repo/uart_axifull_1.0/hdl/uart_axifull_v1_0_S01_AXI.vhd:179]
	Parameter c_clkfreq bound to: 50000000 - type: integer 
	Parameter c_baudrate bound to: 115200 - type: integer 
	Parameter c_stopbit bound to: 2 - type: integer 
	Parameter C_S_AXI_ID_WIDTH bound to: 1 - type: integer 
	Parameter C_S_AXI_DATA_WIDTH bound to: 32 - type: integer 
	Parameter C_S_AXI_ADDR_WIDTH bound to: 17 - type: integer 
	Parameter C_S_AXI_AWUSER_WIDTH bound to: 1 - type: integer 
	Parameter C_S_AXI_ARUSER_WIDTH bound to: 1 - type: integer 
	Parameter C_S_AXI_WUSER_WIDTH bound to: 1 - type: integer 
	Parameter C_S_AXI_RUSER_WIDTH bound to: 1 - type: integer 
	Parameter C_S_AXI_BUSER_WIDTH bound to: 1 - type: integer 
	Parameter c_clkfreq bound to: 50000000 - type: integer 
	Parameter c_baudrate bound to: 115200 - type: integer 
	Parameter c_stopbit bound to: 2 - type: integer 
INFO: [Synth 8-3491] module 'uart_tx' declared at 'c:/Users/mafassi/Desktop/13MHz_UART - Copie/Working UART at 13Mhz/ip_repo/uart_axifull_1.0/hdl/uart_tx.vhd:7' bound to instance 'I_UART_TX' of component 'uart_tx' [c:/Users/mafassi/Desktop/13MHz_UART - Copie/Working UART at 13Mhz/ip_repo/uart_axifull_1.0/hdl/uart_axifull_v1_0_S01_AXI.vhd:602]
INFO: [Synth 8-638] synthesizing module 'uart_tx' [c:/Users/mafassi/Desktop/13MHz_UART - Copie/Working UART at 13Mhz/ip_repo/uart_axifull_1.0/hdl/uart_tx.vhd:23]
	Parameter c_clkfreq bound to: 50000000 - type: integer 
	Parameter c_baudrate bound to: 115200 - type: integer 
	Parameter c_stopbit bound to: 2 - type: integer 
INFO: [Synth 8-256] done synthesizing module 'uart_tx' (2#1) [c:/Users/mafassi/Desktop/13MHz_UART - Copie/Working UART at 13Mhz/ip_repo/uart_axifull_1.0/hdl/uart_tx.vhd:23]
INFO: [Synth 8-256] done synthesizing module 'uart_axifull_v1_0_S01_AXI' (3#1) [c:/Users/mafassi/Desktop/13MHz_UART - Copie/Working UART at 13Mhz/ip_repo/uart_axifull_1.0/hdl/uart_axifull_v1_0_S01_AXI.vhd:179]
INFO: [Synth 8-256] done synthesizing module 'uart_axifull_v1_0' (4#1) [c:/Users/mafassi/Desktop/13MHz_UART - Copie/Working UART at 13Mhz/ip_repo/uart_axifull_1.0/hdl/uart_axifull_v1_0.vhd:112]
---------------------------------------------------------------------------------
Finished RTL Elaboration : Time (s): cpu = 00:00:03 ; elapsed = 00:00:04 . Memory (MB): peak = 2309.203 ; gain = 0.000
---------------------------------------------------------------------------------
---------------------------------------------------------------------------------
Start Handling Custom Attributes
---------------------------------------------------------------------------------
---------------------------------------------------------------------------------
Finished Handling Custom Attributes : Time (s): cpu = 00:00:03 ; elapsed = 00:00:04 . Memory (MB): peak = 2309.203 ; gain = 0.000
---------------------------------------------------------------------------------
---------------------------------------------------------------------------------
Finished RTL Optimization Phase 1 : Time (s): cpu = 00:00:03 ; elapsed = 00:00:04 . Memory (MB): peak = 2309.203 ; gain = 0.000
---------------------------------------------------------------------------------
Netlist sorting complete. Time (s): cpu = 00:00:00 ; elapsed = 00:00:00.014 . Memory (MB): peak = 2309.203 ; gain = 0.000
INFO: [Project 1-570] Preparing netlist for logic optimization

Processing XDC Constraints
Initializing timing engine
Completed Processing XDC Constraints

Netlist sorting complete. Time (s): cpu = 00:00:00 ; elapsed = 00:00:00 . Memory (MB): peak = 2406.504 ; gain = 0.000
INFO: [Project 1-111] Unisim Transformation Summary:
No Unisim elements were transformed.

RTL Elaboration Complete:  : Time (s): cpu = 00:00:07 ; elapsed = 00:00:06 . Memory (MB): peak = 2415.898 ; gain = 106.695
15 Infos, 0 Warnings, 0 Critical Warnings and 0 Errors encountered.
synth_design completed successfully
synth_design: Time (s): cpu = 00:00:07 ; elapsed = 00:00:06 . Memory (MB): peak = 2415.898 ; gain = 106.695
INFO: [Common 17-600] The following parameters have non-default value.
general.maxThreads
close_design
ipx::merge_project_changes files [ipx::current_core]
WARNING: [IP_Flow 19-5226] Project source file 'c:/Users/mafassi/Desktop/13MHz_UART - Copie/Working UART at 13Mhz/ip_repo/uart_axifull_1.0/component.xml' ignored by IP packager.
set_property core_revision 36 [ipx::current_core]
ipx::update_source_project_archive -component [ipx::current_core]
ipx::create_xgui_files [ipx::current_core]
ipx::update_checksums [ipx::current_core]
ipx::check_integrity [ipx::current_core]
INFO: [IP_Flow 19-2181] Payment Required is not set for this core.
INFO: [IP_Flow 19-2187] The Product Guide file is missing.
INFO: [Ipptcl 7-1486] check_integrity: Integrity check passed.
ipx::save_core [ipx::current_core]
ipx::move_temp_component_back -component [ipx::current_core]
close_project -delete
update_ip_catalog -rebuild -repo_path {c:/Users/mafassi/Desktop/13MHz_UART - Copie/Working UART at 13Mhz/ip_repo/uart_axifull_1.0}
INFO: [IP_Flow 19-725] Reloaded user IP repository 'c:/Users/mafassi/Desktop/13MHz_UART - Copie/Working UART at 13Mhz/ip_repo/uart_axifull_1.0'
report_ip_status -name ip_status 
upgrade_ip -vlnv Laudren.local:user:uart_axifull:1.0 [get_ips  design_1_uart_axifull_0_3] -log ip_upgrade.log
Upgrading 'C:/Users/mafassi/Desktop/13MHz_UART_25Ko_parity/Vivado project/Microblaze5.srcs/sources_1/bd/design_1/design_1.bd'
INFO: [IP_Flow 19-3422] Upgraded design_1_uart_axifull_0_3 (uart_axifull_v1.0 1.0) from revision 35 to revision 36
Wrote  : <C:\Users\mafassi\Desktop\13MHz_UART_25Ko_parity\Vivado project\Microblaze5.srcs\sources_1\bd\design_1\design_1.bd> 
INFO: [Coretcl 2-1525] Wrote upgrade log to 'C:/Users/mafassi/Desktop/13MHz_UART_25Ko_parity/Vivado project/ip_upgrade.log'.
export_ip_user_files -of_objects [get_ips design_1_uart_axifull_0_3] -no_script -sync -force -quiet
generate_target all [get_files  {{C:/Users/mafassi/Desktop/13MHz_UART_25Ko_parity/Vivado project/Microblaze5.srcs/sources_1/bd/design_1/design_1.bd}}]
CRITICAL WARNING: [BD 41-1367] The port name 'Input' of cell '/LVDS_Transmitter_0' is a reserved keyword in a Hardware Description Language. Please consider renaming the port.
WARNING: [IP_Flow 19-3374] An attempt to modify the value of disabled parameter 'PRIM_IN_FREQ' from '12.000' to '100.000' has been ignored for IP 'clk_wiz_1'
WARNING: [IP_Flow 19-3374] An attempt to modify the value of disabled parameter 'PRIM_IN_FREQ' from '12.000' to '100.000' has been ignored for IP 'clk_wiz_1'
INFO: [xilinx.com:ip:axi_quad_spi:3.2-1] /axi_quad_spi_0 
                  ########################################################################################
                  INFO: AXI Quad SPI core's AXI Lite Clock and EXT SPI CLK are asynchronous to each other.
                  ########################################################################################
INFO: [xilinx.com:ip:axi_quad_spi:3.2-1] /axi_quad_spi_0 
                  ########################################################################################
                  INFO: AXI Quad SPI core's AXI Lite Clock and EXT SPI CLK are asynchronous to each other.
                  ########################################################################################
INFO: [xilinx.com:ip:clk_wiz:6.0-1] /clk_wiz_1 clk_wiz propagate
INFO: [xilinx.com:ip:clk_wiz:6.0-1] /clk_wiz_1 clk_wiz propagate
INFO: [xilinx.com:ip:axi_intc:4.1-1] /microblaze_0_axi_intc: The AXI INTC core has been configured to operate with synchronous clocks.
INFO: [xilinx.com:ip:axi_intc:4.1-1] /microblaze_0_axi_intc: The AXI INTC core has been configured to operate with synchronous clocks.
WARNING: [xilinx.com:ip:axi_intc:4.1-6] /microblaze_0_axi_intc: Property SENSITIVITY = "NULL" for interrupt input 4 not recognized - using default interrupt type Rising Edge. Please change this manually if necessary.
WARNING: [xilinx.com:ip:axi_intc:4.1-6] /microblaze_0_axi_intc: Property SENSITIVITY = "NULL" for interrupt input 3 not recognized - using default interrupt type Rising Edge. Please change this manually if necessary.
WARNING: [xilinx.com:ip:axi_intc:4.1-6] /microblaze_0_axi_intc: Property SENSITIVITY = "NULL" for interrupt input 2 not recognized - using default interrupt type Rising Edge. Please change this manually if necessary.
WARNING: [xilinx.com:ip:axi_intc:4.1-6] /microblaze_0_axi_intc: Property SENSITIVITY = "NULL" for interrupt input 1 not recognized - using default interrupt type Rising Edge. Please change this manually if necessary.
WARNING: [xilinx.com:ip:axi_intc:4.1-6] /microblaze_0_axi_intc: Property SENSITIVITY = "NULL" for interrupt input 0 not recognized - using default interrupt type Rising Edge. Please change this manually if necessary.
Wrote  : <C:\Users\mafassi\Desktop\13MHz_UART_25Ko_parity\Vivado project\Microblaze5.srcs\sources_1\bd\design_1\design_1.bd> 
VHDL Output written to : c:/Users/mafassi/Desktop/13MHz_UART_25Ko_parity/Vivado project/Microblaze5.gen/sources_1/bd/design_1/synth/design_1.vhd
VHDL Output written to : c:/Users/mafassi/Desktop/13MHz_UART_25Ko_parity/Vivado project/Microblaze5.gen/sources_1/bd/design_1/sim/design_1.vhd
VHDL Output written to : c:/Users/mafassi/Desktop/13MHz_UART_25Ko_parity/Vivado project/Microblaze5.gen/sources_1/bd/design_1/hdl/design_1_wrapper.vhd
INFO: [BD 41-1029] Generation completed for the IP Integrator block uart_axifull_0 .
WARNING: [IP_Flow 19-4994] Overwriting existing constraint file 'c:/Users/mafassi/Desktop/13MHz_UART_25Ko_parity/Vivado project/Microblaze5.gen/sources_1/bd/design_1/ip/design_1_auto_pc_0/design_1_auto_pc_0_ooc.xdc'
WARNING: [IP_Flow 19-5160] IP 'design_1_auto_pc_0' detected simulation language mismatch. Simulation type 'rtl' does not support 'VHDL' outputs (see project's "simulator_language" property), delivering 'Verilog' outputs instead.
WARNING: [IP_Flow 19-5160] IP 'design_1_auto_pc_0' detected simulation language mismatch. Simulation type 'tlm' does not support 'VHDL' outputs (see project's "simulator_language" property), delivering 'SystemC' outputs instead.
INFO: [BD 41-1029] Generation completed for the IP Integrator block microblaze_0_axi_periph/m04_couplers/auto_pc .
Exporting to file c:/Users/mafassi/Desktop/13MHz_UART_25Ko_parity/Vivado project/Microblaze5.gen/sources_1/bd/design_1/hw_handoff/design_1.hwh
Generated Block Design Tcl file c:/Users/mafassi/Desktop/13MHz_UART_25Ko_parity/Vivado project/Microblaze5.gen/sources_1/bd/design_1/hw_handoff/design_1_bd.tcl
Generated Hardware Definition File c:/Users/mafassi/Desktop/13MHz_UART_25Ko_parity/Vivado project/Microblaze5.gen/sources_1/bd/design_1/synth/design_1.hwdef
generate_target: Time (s): cpu = 00:00:18 ; elapsed = 00:00:16 . Memory (MB): peak = 2424.508 ; gain = 0.000
catch { config_ip_cache -export [get_ips -all design_1_uart_axifull_0_3] }
catch { config_ip_cache -export [get_ips -all design_1_auto_pc_0] }
INFO: [IP_Flow 19-4993] Using cached IP synthesis design for IP design_1_auto_pc_0, cache-ID = 5cebe1694b2c4106; cache size = 241.959 MB.
export_ip_user_files -of_objects [get_files {{C:/Users/mafassi/Desktop/13MHz_UART_25Ko_parity/Vivado project/Microblaze5.srcs/sources_1/bd/design_1/design_1.bd}}] -no_script -sync -force -quiet
create_ip_run [get_files -of_objects [get_fileset sources_1] {{C:/Users/mafassi/Desktop/13MHz_UART_25Ko_parity/Vivado project/Microblaze5.srcs/sources_1/bd/design_1/design_1.bd}}]
launch_runs design_1_uart_axifull_0_3_synth_1 -jobs 10
[Mon Aug  7 11:14:13 2023] Launched design_1_uart_axifull_0_3_synth_1...
Run output will be captured here: C:/Users/mafassi/Desktop/13MHz_UART_25Ko_parity/Vivado project/Microblaze5.runs/design_1_uart_axifull_0_3_synth_1/runme.log
export_simulation -of_objects [get_files {{C:/Users/mafassi/Desktop/13MHz_UART_25Ko_parity/Vivado project/Microblaze5.srcs/sources_1/bd/design_1/design_1.bd}}] -directory {C:/Users/mafassi/Desktop/13MHz_UART_25Ko_parity/Vivado project/Microblaze5.ip_user_files/sim_scripts} -ip_user_files_dir {C:/Users/mafassi/Desktop/13MHz_UART_25Ko_parity/Vivado project/Microblaze5.ip_user_files} -ipstatic_source_dir {C:/Users/mafassi/Desktop/13MHz_UART_25Ko_parity/Vivado project/Microblaze5.ip_user_files/ipstatic} -lib_map_path [list {modelsim=C:/Users/mafassi/Desktop/13MHz_UART_25Ko_parity/Vivado project/Microblaze5.cache/compile_simlib/modelsim} {questa=C:/Users/mafassi/Desktop/13MHz_UART_25Ko_parity/Vivado project/Microblaze5.cache/compile_simlib/questa} {riviera=C:/Users/mafassi/Desktop/13MHz_UART_25Ko_parity/Vivado project/Microblaze5.cache/compile_simlib/riviera} {activehdl=C:/Users/mafassi/Desktop/13MHz_UART_25Ko_parity/Vivado project/Microblaze5.cache/compile_simlib/activehdl}] -use_ip_compiled_libs -force -quiet
report_ip_status -name ip_status 
reset_run synth_1
launch_runs impl_1 -to_step write_bitstream -jobs 10
[Mon Aug  7 11:15:14 2023] Launched synth_1...
Run output will be captured here: C:/Users/mafassi/Desktop/13MHz_UART_25Ko_parity/Vivado project/Microblaze5.runs/synth_1/runme.log
[Mon Aug  7 11:15:14 2023] Launched impl_1...
Run output will be captured here: C:/Users/mafassi/Desktop/13MHz_UART_25Ko_parity/Vivado project/Microblaze5.runs/impl_1/runme.log
WARNING: [Vivado 12-818] No files matched 'C:/Users/mafassi/Desktop/13MHz_UART_25Ko_parity/Vivado'
WARNING: [Vivado 12-818] No files matched 'project/Microblaze5.srcs/sources_1/bd/design_1/design_1.bd'
ERROR: [Common 17-55] 'get_property' expects at least one object.
Resolution: If [get_<value>] was used to populate the object, check to make sure this command returns at least one valid object.
WARNING: [Vivado 12-818] No files matched 'C:/Users/mafassi/Desktop/13MHz_UART_25Ko_parity/Vivado'
WARNING: [Vivado 12-818] No files matched 'project/Microblaze5.srcs/sources_1/bd/design_1/design_1.bd'
ERROR: [Common 17-55] 'get_property' expects at least one object.
Resolution: If [get_<value>] was used to populate the object, check to make sure this command returns at least one valid object.
WARNING: [Vivado 12-818] No files matched 'C:/Users/mafassi/Desktop/13MHz_UART_25Ko_parity/Vivado'
WARNING: [Vivado 12-818] No files matched 'project/Microblaze5.srcs/sources_1/bd/design_1/design_1.bd'
ERROR: [Common 17-55] 'get_property' expects at least one object.
Resolution: If [get_<value>] was used to populate the object, check to make sure this command returns at least one valid object.
write_hw_platform -fixed -include_bit -force -file {C:/Users/mafassi/Desktop/13MHz_UART_25Ko_parity/Vivado project/Test_xsa_design2.xsa}
INFO: [Vivado 12-4895] Creating Hardware Platform: C:/Users/mafassi/Desktop/13MHz_UART_25Ko_parity/Vivado project/Test_xsa_design2.xsa ...
WARNING: [Project 1-645] Board images not set in Hardware Platform.
INFO: [Vivado 12-12467] The Hardware Platform can be used for Hardware
INFO: [Vivado 12-4896] Successfully created Hardware Platform: C:/Users/mafassi/Desktop/13MHz_UART_25Ko_parity/Vivado project/Test_xsa_design2.xsa
exit
INFO: [Common 17-206] Exiting Vivado at Mon Aug  7 11:29:43 2023...
