#-----------------------------------------------------------
# Vivado v2020.2 (64-bit)
# SW Build 3064766 on Wed Nov 18 09:12:45 MST 2020
# IP Build 3064653 on Wed Nov 18 14:17:31 MST 2020
# Start of session at: Fri Jul 28 16:53:58 2023
# Process ID: 7856
# Current directory: C:/Users/mafassi/Desktop/13MHz_UART - Copie/Working UART at 13Mhz/Microblaze5
# Command line: vivado.exe -gui_launcher_event rodinguilauncherevent5384 C:\Users\mafassi\Desktop\13MHz_UART - Copie\Working UART at 13Mhz\Microblaze5\Microblaze5.xpr
# Log file: C:/Users/mafassi/Desktop/13MHz_UART - Copie/Working UART at 13Mhz/Microblaze5/vivado.log
# Journal file: C:/Users/mafassi/Desktop/13MHz_UART - Copie/Working UART at 13Mhz/Microblaze5\vivado.jou
#-----------------------------------------------------------
start_gui
open_project {C:/Users/mafassi/Desktop/13MHz_UART - Copie/Working UART at 13Mhz/Microblaze5/Microblaze5.xpr}
INFO: [Project 1-313] Project file moved from 'C:/Users/mafassi/Desktop/new08/Microblaze5' since last save.
WARNING: [filemgmt 56-2] IP Repository Path: Could not find the directory 'C:/Users/mafassi/Desktop/13MHz_UART - Copie/Working UART at 13Mhz/ip_repo/my_custom_UART_1.0', nor could it be found using path 'C:/Users/mafassi/Desktop/new08/ip_repo/my_custom_UART_1.0'.
INFO: [filemgmt 56-1] IP Repository Path: Directory not found as 'C:/Users/mafassi/Desktop/Downloads/fifo_ip'; using path 'C:/Users/mafassi/Downloads/fifo_ip' instead.
Scanning sources...
Finished scanning sources
INFO: [IP_Flow 19-234] Refreshing IP repositories
INFO: [IP_Flow 19-1700] Loaded user IP repository 'c:/Users/mafassi/Desktop/13MHz_UART - Copie/Working UART at 13Mhz/ip_repo/uart_axifull_1.0'.
WARNING: [IP_Flow 19-2248] Failed to load user IP repository 'c:/Users/mafassi/Desktop/13MHz_UART - Copie/Working UART at 13Mhz/ip_repo/my_custom_UART_1.0'; Can't find the specified path.
If this directory should no longer be in your list of user repositories, go to the IP Settings dialog and remove it.
INFO: [IP_Flow 19-1700] Loaded user IP repository 'c:/Users/mafassi/Downloads/fifo_ip'.
INFO: [IP_Flow 19-2313] Loaded Vivado IP repository 'C:/Xilinx/Vivado/2020.2/data/ip'.
open_project: Time (s): cpu = 00:00:13 ; elapsed = 00:00:10 . Memory (MB): peak = 1115.707 ; gain = 0.000
open_bd_design {C:/Users/mafassi/Desktop/13MHz_UART - Copie/Working UART at 13Mhz/Microblaze5/Microblaze5.srcs/sources_1/bd/design_1/design_1.bd}
Reading block design file <C:/Users/mafassi/Desktop/13MHz_UART - Copie/Working UART at 13Mhz/Microblaze5/Microblaze5.srcs/sources_1/bd/design_1/design_1.bd>...
Adding component instance block -- xilinx.com:ip:microblaze:11.0 - microblaze_0
Adding component instance block -- xilinx.com:ip:lmb_v10:3.0 - dlmb_v10
Adding component instance block -- xilinx.com:ip:lmb_v10:3.0 - ilmb_v10
Adding component instance block -- xilinx.com:ip:lmb_bram_if_cntlr:4.0 - dlmb_bram_if_cntlr
Adding component instance block -- xilinx.com:ip:lmb_bram_if_cntlr:4.0 - ilmb_bram_if_cntlr
Adding component instance block -- xilinx.com:ip:blk_mem_gen:8.4 - lmb_bram
Adding component instance block -- xilinx.com:ip:axi_intc:4.1 - microblaze_0_axi_intc
Adding component instance block -- xilinx.com:ip:xlconcat:2.1 - microblaze_0_xlconcat
Adding component instance block -- xilinx.com:ip:mdm:3.2 - mdm_1
Adding component instance block -- xilinx.com:ip:clk_wiz:6.0 - clk_wiz_1
Adding component instance block -- xilinx.com:ip:proc_sys_reset:5.0 - rst_clk_wiz_1_100M
Adding component instance block -- xilinx.com:ip:axi_quad_spi:3.2 - axi_quad_spi_0
Adding component instance block -- xilinx.com:ip:axi_interconnect:2.1 - microblaze_0_axi_periph
Adding component instance block -- xilinx.com:ip:axi_crossbar:2.1 - xbar
Adding component instance block -- xilinx.com:ip:axi_protocol_converter:2.1 - auto_pc
Adding component instance block -- xilinx.com:ip:axi_uartlite:2.0 - axi_uartlite_0
Adding component instance block -- Laudren.local:user:uart_axifull:1.0 - uart_axifull_0
Successfully read diagram <design_1> from block design file <C:/Users/mafassi/Desktop/13MHz_UART - Copie/Working UART at 13Mhz/Microblaze5/Microblaze5.srcs/sources_1/bd/design_1/design_1.bd>
open_bd_design: Time (s): cpu = 00:00:09 ; elapsed = 00:00:07 . Memory (MB): peak = 1190.340 ; gain = 74.633
exit
INFO: [Common 17-206] Exiting Vivado at Fri Jul 28 16:56:10 2023...
