#-----------------------------------------------------------
# Vivado v2020.2 (64-bit)
# SW Build 3064766 on Wed Nov 18 09:12:45 MST 2020
# IP Build 3064653 on Wed Nov 18 14:17:31 MST 2020
# Start of session at: Mon Jun 19 14:53:56 2023
# Process ID: 12504
# Current directory: C:/Users/mafassi/Desktop/new08/Microblaze5
# Command line: vivado.exe -gui_launcher_event rodinguilauncherevent18824 C:\Users\mafassi\Desktop\new08\Microblaze5\Microblaze5.xpr
# Log file: C:/Users/mafassi/Desktop/new08/Microblaze5/vivado.log
# Journal file: C:/Users/mafassi/Desktop/new08/Microblaze5\vivado.jou
#-----------------------------------------------------------
start_gui
open_project C:/Users/mafassi/Desktop/new08/Microblaze5/Microblaze5.xpr
Scanning sources...
Finished scanning sources
INFO: [IP_Flow 19-234] Refreshing IP repositories
INFO: [IP_Flow 19-1700] Loaded user IP repository 'c:/Users/mafassi/Downloads/fifo_ip'.
INFO: [IP_Flow 19-2313] Loaded Vivado IP repository 'C:/Xilinx/Vivado/2020.2/data/ip'.
open_project: Time (s): cpu = 00:00:15 ; elapsed = 00:00:07 . Memory (MB): peak = 1116.734 ; gain = 0.000
open_bd_design {C:/Users/mafassi/Desktop/new08/Microblaze5/Microblaze5.srcs/sources_1/bd/design_1/design_1.bd}
Reading block design file <C:/Users/mafassi/Desktop/new08/Microblaze5/Microblaze5.srcs/sources_1/bd/design_1/design_1.bd>...
Adding component instance block -- xilinx.com:ip:microblaze:11.0 - microblaze_0
Adding component instance block -- xilinx.com:ip:lmb_v10:3.0 - dlmb_v10
Adding component instance block -- xilinx.com:ip:lmb_v10:3.0 - ilmb_v10
Adding component instance block -- xilinx.com:ip:lmb_bram_if_cntlr:4.0 - dlmb_bram_if_cntlr
Adding component instance block -- xilinx.com:ip:lmb_bram_if_cntlr:4.0 - ilmb_bram_if_cntlr
Adding component instance block -- xilinx.com:ip:blk_mem_gen:8.4 - lmb_bram
Adding component instance block -- xilinx.com:ip:axi_intc:4.1 - microblaze_0_axi_intc
Adding component instance block -- xilinx.com:ip:xlconcat:2.1 - microblaze_0_xlconcat
Adding component instance block -- xilinx.com:ip:mdm:3.2 - mdm_1
Adding component instance block -- xilinx.com:ip:clk_wiz:6.0 - clk_wiz_1
Adding component instance block -- xilinx.com:ip:proc_sys_reset:5.0 - rst_clk_wiz_1_100M
Adding component instance block -- xilinx.com:ip:axi_quad_spi:3.2 - axi_quad_spi_0
Adding component instance block -- xilinx.com:ip:axi_interconnect:2.1 - microblaze_0_axi_periph
Adding component instance block -- xilinx.com:ip:axi_crossbar:2.1 - xbar
Adding component instance block -- xilinx.com:ip:axi_uartlite:2.0 - axi_uartlite_0
Successfully read diagram <design_1> from block design file <C:/Users/mafassi/Desktop/new08/Microblaze5/Microblaze5.srcs/sources_1/bd/design_1/design_1.bd>
open_bd_design: Time (s): cpu = 00:00:11 ; elapsed = 00:00:07 . Memory (MB): peak = 1193.328 ; gain = 76.594
create_peripheral Laudren.local user my_custom_UART 1.0 -dir C:/Users/mafassi/Desktop/new08/Microblaze5/../ip_repo
add_peripheral_interface S00_AXI -interface_mode slave -axi_type lite [ipx::find_open_core Laudren.local:user:my_custom_UART:1.0]
add_peripheral_interface S01_AXI -interface_mode slave -axi_type full [ipx::find_open_core Laudren.local:user:my_custom_UART:1.0]
set_property VALUE 1024 [ipx::get_bus_parameters WIZ_MEMORY_SIZE -of_objects [ipx::get_bus_interfaces S01_AXI -of_objects [ipx::find_open_core Laudren.local:user:my_custom_UART:1.0]]]
generate_peripheral -driver -bfm_example_design -debug_hw_example_design [ipx::find_open_core Laudren.local:user:my_custom_UART:1.0]
write_peripheral [ipx::find_open_core Laudren.local:user:my_custom_UART:1.0]
set_property  ip_repo_paths  {C:/Users/mafassi/Desktop/new08/Microblaze5/../ip_repo/my_custom_UART_1.0 C:/Users/mafassi/Downloads/fifo_ip} [current_project]
update_ip_catalog -rebuild
INFO: [IP_Flow 19-234] Refreshing IP repositories
INFO: [IP_Flow 19-1700] Loaded user IP repository 'c:/Users/mafassi/Desktop/new08/ip_repo/my_custom_UART_1.0'.
INFO: [IP_Flow 19-1700] Loaded user IP repository 'c:/Users/mafassi/Downloads/fifo_ip'.
ipx::edit_ip_in_project -upgrade true -name edit_my_custom_UART_v1_0 -directory C:/Users/mafassi/Desktop/new08/Microblaze5/../ip_repo c:/Users/mafassi/Desktop/new08/ip_repo/my_custom_UART_1.0/component.xml
INFO: [IP_Flow 19-234] Refreshing IP repositories
INFO: [IP_Flow 19-1704] No user IP repositories specified
INFO: [IP_Flow 19-2313] Loaded Vivado IP repository 'C:/Xilinx/Vivado/2020.2/data/ip'.
INFO: [IP_Flow 19-234] Refreshing IP repositories
INFO: [IP_Flow 19-1700] Loaded user IP repository 'c:/Users/mafassi/Desktop/new08/ip_repo/my_custom_UART_1.0'.
INFO: [IP_Flow 19-1700] Loaded user IP repository 'c:/Users/mafassi/Downloads/fifo_ip'.
INFO: [IP_Flow 19-795] Syncing license key meta-data
update_compile_order -fileset sources_1
ipx::edit_ip_in_project -upgrade true -name my_custom_UART_v1_0_project -directory c:/users/mafassi/desktop/new08/ip_repo/edit_my_custom_UART_v1_0.tmp/my_custom_UART_v1_0_project c:/Users/mafassi/Desktop/new08/ip_repo/my_custom_UART_1.0/component.xml
INFO: [ProjectBase 1-489] The host OS only allows 260 characters in a normal path. The project is stored in a path with more than 80 characters. If you experience issues with IP, Block Designs, or files not being found, please consider moving the project to a location with a shorter path. Alternately consider using the OS subst command to map part of the path to a drive letter.
Current project path is 'c:/users/mafassi/desktop/new08/ip_repo/edit_my_custom_uart_v1_0.tmp/my_custom_uart_v1_0_project'
INFO: [IP_Flow 19-234] Refreshing IP repositories
INFO: [IP_Flow 19-1704] No user IP repositories specified
INFO: [IP_Flow 19-2313] Loaded Vivado IP repository 'C:/Xilinx/Vivado/2020.2/data/ip'.
INFO: [IP_Flow 19-234] Refreshing IP repositories
INFO: [IP_Flow 19-1700] Loaded user IP repository 'c:/Users/mafassi/Desktop/new08/ip_repo/my_custom_UART_1.0'.
INFO: [IP_Flow 19-1700] Loaded user IP repository 'c:/Users/mafassi/Downloads/fifo_ip'.
INFO: [IP_Flow 19-795] Syncing license key meta-data
update_compile_order -fileset sources_1
close_project
update_ip_catalog -delete_ip Laudren.local:user:my_custom_UART:1.0 -repo_path c:/Users/mafassi/Desktop/new08/ip_repo/my_custom_UART_1.0
INFO: [IP_Flow 19-1659] Deleted IP 'Laudren.local:user:my_custom_UART:1.0' from repository 'c:/Users/mafassi/Desktop/new08/ip_repo/my_custom_UART_1.0' at c:/Users/mafassi/Desktop/new08/ip_repo/my_custom_UART_1.0.
INFO: [IP_Flow 19-725] Reloaded user IP repository 'c:/Users/mafassi/Desktop/new08/ip_repo/my_custom_UART_1.0'
create_peripheral Laudren.local user uart_axifull 1.0 -dir c:/users/mafassi/desktop/new08/ip_repo/../ip_repo
add_peripheral_interface S00_AXI -interface_mode slave -axi_type lite [ipx::find_open_core Laudren.local:user:uart_axifull:1.0]
add_peripheral_interface S01_AXI -interface_mode slave -axi_type full [ipx::find_open_core Laudren.local:user:uart_axifull:1.0]
set_property VALUE 1024 [ipx::get_bus_parameters WIZ_MEMORY_SIZE -of_objects [ipx::get_bus_interfaces S01_AXI -of_objects [ipx::find_open_core Laudren.local:user:uart_axifull:1.0]]]
generate_peripheral -driver -bfm_example_design -debug_hw_example_design [ipx::find_open_core Laudren.local:user:uart_axifull:1.0]
write_peripheral [ipx::find_open_core Laudren.local:user:uart_axifull:1.0]
set_property  ip_repo_paths  {c:/users/mafassi/desktop/new08/ip_repo/../ip_repo/uart_axifull_1.0 C:/Users/mafassi/Desktop/new08/ip_repo/my_custom_UART_1.0 C:/Users/mafassi/Downloads/fifo_ip} [current_project]
update_ip_catalog -rebuild
INFO: [IP_Flow 19-234] Refreshing IP repositories
INFO: [IP_Flow 19-1700] Loaded user IP repository 'c:/users/mafassi/desktop/new08/ip_repo/uart_axifull_1.0'.
INFO: [IP_Flow 19-1700] Loaded user IP repository 'c:/Users/mafassi/Desktop/new08/ip_repo/my_custom_UART_1.0'.
INFO: [IP_Flow 19-1700] Loaded user IP repository 'c:/Users/mafassi/Downloads/fifo_ip'.
close_project
update_ip_catalog -delete_ip Laudren.local:user:my_custom_UART:1.0 -repo_path c:/Users/mafassi/Desktop/new08/ip_repo/my_custom_UART_1.0
WARNING: [IP_Flow 19-881] Failed to delete file 'c:/Users/mafassi/Desktop/new08/ip_repo/my_custom_UART_1.0/hdl/my_custom_UART_v1_0_S00_AXI.vhd' because it doesn't exist.
WARNING: [IP_Flow 19-881] Failed to delete file 'c:/Users/mafassi/Desktop/new08/ip_repo/my_custom_UART_1.0/hdl/my_custom_UART_v1_0_S01_AXI.vhd' because it doesn't exist.
WARNING: [IP_Flow 19-881] Failed to delete file 'c:/Users/mafassi/Desktop/new08/ip_repo/my_custom_UART_1.0/hdl/my_custom_UART_v1_0.vhd' because it doesn't exist.
WARNING: [IP_Flow 19-881] Failed to delete file 'c:/Users/mafassi/Desktop/new08/ip_repo/my_custom_UART_1.0/drivers/my_custom_UART_v1_0/data/my_custom_UART.mdd' because it doesn't exist.
WARNING: [IP_Flow 19-881] Failed to delete file 'c:/Users/mafassi/Desktop/new08/ip_repo/my_custom_UART_1.0/drivers/my_custom_UART_v1_0/data/my_custom_UART.tcl' because it doesn't exist.
WARNING: [IP_Flow 19-881] Failed to delete file 'c:/Users/mafassi/Desktop/new08/ip_repo/my_custom_UART_1.0/drivers/my_custom_UART_v1_0/src/Makefile' because it doesn't exist.
WARNING: [IP_Flow 19-881] Failed to delete file 'c:/Users/mafassi/Desktop/new08/ip_repo/my_custom_UART_1.0/drivers/my_custom_UART_v1_0/src/my_custom_UART.h' because it doesn't exist.
WARNING: [IP_Flow 19-881] Failed to delete file 'c:/Users/mafassi/Desktop/new08/ip_repo/my_custom_UART_1.0/drivers/my_custom_UART_v1_0/src/my_custom_UART.c' because it doesn't exist.
WARNING: [IP_Flow 19-881] Failed to delete file 'c:/Users/mafassi/Desktop/new08/ip_repo/my_custom_UART_1.0/drivers/my_custom_UART_v1_0/src/my_custom_UART_selftest.c' because it doesn't exist.
WARNING: [IP_Flow 19-881] Failed to delete file 'c:/Users/mafassi/Desktop/new08/ip_repo/my_custom_UART_1.0/xgui/my_custom_UART_v1_0.tcl' because it doesn't exist.
WARNING: [IP_Flow 19-881] Failed to delete file 'c:/Users/mafassi/Desktop/new08/ip_repo/my_custom_UART_1.0/bd/bd.tcl' because it doesn't exist.
WARNING: [IP_Flow 19-881] Failed to delete file 'c:/Users/mafassi/Desktop/new08/ip_repo/my_custom_UART_1.0/component.xml' because it doesn't exist.
INFO: [IP_Flow 19-1659] Deleted IP 'Laudren.local:user:my_custom_UART:1.0' from repository 'c:/Users/mafassi/Desktop/new08/ip_repo/my_custom_UART_1.0' at c:/Users/mafassi/Desktop/new08/ip_repo/my_custom_UART_1.0.
INFO: [IP_Flow 19-725] Reloaded user IP repository 'c:/Users/mafassi/Desktop/new08/ip_repo/my_custom_UART_1.0'
exit
INFO: [Common 17-206] Exiting Vivado at Mon Jun 19 15:05:45 2023...
