
*** Running vivado
    with args -log design_1_ilmb_bram_if_cntlr_0.vds -m64 -product Vivado -mode batch -messageDb vivado.pb -notrace -source design_1_ilmb_bram_if_cntlr_0.tcl



****** Vivado v2020.2 (64-bit)
  **** SW Build 3064766 on Wed Nov 18 09:12:45 MST 2020
  **** IP Build 3064653 on Wed Nov 18 14:17:31 MST 2020
    ** Copyright 1986-2020 Xilinx, Inc. All Rights Reserved.

source design_1_ilmb_bram_if_cntlr_0.tcl -notrace
create_project: Time (s): cpu = 00:00:04 ; elapsed = 00:00:10 . Memory (MB): peak = 1095.379 ; gain = 0.000
INFO: [IP_Flow 19-234] Refreshing IP repositories
INFO: [IP_Flow 19-1700] Loaded user IP repository 'c:/Users/mafassi/Desktop/13MHz_UART - Copie/Working UART at 13Mhz/ip_repo/LVDS_Buffer'.
INFO: [IP_Flow 19-1700] Loaded user IP repository 'c:/Users/mafassi/Desktop/13MHz_UART - Copie/Working UART at 13Mhz/ip_repo/uart_axifull_1.0'.
WARNING: [IP_Flow 19-2248] Failed to load user IP repository 'c:/Users/mafassi/Desktop/13MHz_UART_25Ko_parity - Copie/ip_repo/my_custom_UART_1.0'; Can't find the specified path.
If this directory should no longer be in your list of user repositories, go to the IP Settings dialog and remove it.
INFO: [IP_Flow 19-1700] Loaded user IP repository 'c:/Users/mafassi/Downloads/fifo_ip'.
INFO: [IP_Flow 19-2313] Loaded Vivado IP repository 'C:/Xilinx/Vivado/2020.2/data/ip'.
WARNING: [IP_Flow 19-4995] The host OS only allows 260 characters in a normal path. The IP cache path is more than 80 characters. If you experience issues with IP caching, please consider changing the IP cache to a location with a shorter path. Alternately consider using the OS subst command to map part of the path to a drive letter. 
Current IP cache path is c:/Users/mafassi/Desktop/13MHz_UART_25Ko_parity - Copie/Vivado project/Microblaze5.cache/ip 
Command: synth_design -top design_1_ilmb_bram_if_cntlr_0 -part xc7a35tcpg236-1 -mode out_of_context
Starting synth_design
Attempting to get a license for feature 'Synthesis' and/or device 'xc7a35t'
INFO: [Common 17-349] Got license for feature 'Synthesis' and/or device 'xc7a35t'
INFO: [Device 21-403] Loading part xc7a35tcpg236-1
INFO: [Synth 8-7079] Multithreading enabled for synth_design using a maximum of 4 processes.
INFO: [Synth 8-7078] Launching helper process for spawning children vivado processes
INFO: [Synth 8-7075] Helper process launched with PID 14392
---------------------------------------------------------------------------------
Starting RTL Elaboration : Time (s): cpu = 00:00:07 ; elapsed = 00:00:11 . Memory (MB): peak = 1095.379 ; gain = 0.000
---------------------------------------------------------------------------------
INFO: [Synth 8-638] synthesizing module 'design_1_ilmb_bram_if_cntlr_0' [c:/Users/mafassi/Desktop/13MHz_UART_25Ko_parity - Copie/Vivado project/Microblaze5.gen/sources_1/bd/design_1/ip/design_1_ilmb_bram_if_cntlr_0/synth/design_1_ilmb_bram_if_cntlr_0.vhd:84]
	Parameter C_FAMILY bound to: artix7 - type: string 
	Parameter C_HIGHADDR bound to: 64'b0000000000000000000000000000000000000000000000001111111111111111 
	Parameter C_BASEADDR bound to: 64'b0000000000000000000000000000000000000000000000000000000000000000 
	Parameter C_NUM_LMB bound to: 1 - type: integer 
	Parameter C_MASK bound to: 64'b0000000000000000000000000000000000000000000000000000000000000000 
	Parameter C_MASK1 bound to: 64'b0000000000000000000000000000000000000000100000000000000000000000 
	Parameter C_MASK2 bound to: 64'b0000000000000000000000000000000000000000100000000000000000000000 
	Parameter C_MASK3 bound to: 64'b0000000000000000000000000000000000000000100000000000000000000000 
	Parameter C_LMB_AWIDTH bound to: 32 - type: integer 
	Parameter C_LMB_DWIDTH bound to: 32 - type: integer 
	Parameter C_LMB_PROTOCOL bound to: 0 - type: integer 
	Parameter C_ECC bound to: 0 - type: integer 
	Parameter C_INTERCONNECT bound to: 0 - type: integer 
	Parameter C_FAULT_INJECT bound to: 0 - type: integer 
	Parameter C_CE_FAILING_REGISTERS bound to: 0 - type: integer 
	Parameter C_UE_FAILING_REGISTERS bound to: 0 - type: integer 
	Parameter C_ECC_STATUS_REGISTERS bound to: 0 - type: integer 
	Parameter C_ECC_ONOFF_REGISTER bound to: 0 - type: integer 
	Parameter C_ECC_ONOFF_RESET_VALUE bound to: 1 - type: integer 
	Parameter C_CE_COUNTER_WIDTH bound to: 0 - type: integer 
	Parameter C_WRITE_ACCESS bound to: 2 - type: integer 
	Parameter C_BRAM_AWIDTH bound to: 32 - type: integer 
	Parameter C_S_AXI_CTRL_ADDR_WIDTH bound to: 32 - type: integer 
	Parameter C_S_AXI_CTRL_DATA_WIDTH bound to: 32 - type: integer 
INFO: [Synth 8-3491] module 'lmb_bram_if_cntlr' declared at 'c:/Users/mafassi/Desktop/13MHz_UART_25Ko_parity - Copie/Vivado project/Microblaze5.gen/sources_1/bd/design_1/ipshared/0b98/hdl/lmb_bram_if_cntlr_v4_0_vh_rfs.vhd:3134' bound to instance 'U0' of component 'lmb_bram_if_cntlr' [c:/Users/mafassi/Desktop/13MHz_UART_25Ko_parity - Copie/Vivado project/Microblaze5.gen/sources_1/bd/design_1/ip/design_1_ilmb_bram_if_cntlr_0/synth/design_1_ilmb_bram_if_cntlr_0.vhd:226]
INFO: [Synth 8-638] synthesizing module 'lmb_bram_if_cntlr' [c:/Users/mafassi/Desktop/13MHz_UART_25Ko_parity - Copie/Vivado project/Microblaze5.gen/sources_1/bd/design_1/ipshared/0b98/hdl/lmb_bram_if_cntlr_v4_0_vh_rfs.vhd:3259]
	Parameter C_FAMILY bound to: artix7 - type: string 
	Parameter C_HIGHADDR bound to: 64'b0000000000000000000000000000000000000000000000001111111111111111 
	Parameter C_BASEADDR bound to: 64'b0000000000000000000000000000000000000000000000000000000000000000 
	Parameter C_MASK bound to: 64'b0000000000000000000000000000000000000000000000000000000000000000 
	Parameter C_MASK1 bound to: 64'b0000000000000000000000000000000000000000100000000000000000000000 
	Parameter C_MASK2 bound to: 64'b0000000000000000000000000000000000000000100000000000000000000000 
	Parameter C_MASK3 bound to: 64'b0000000000000000000000000000000000000000100000000000000000000000 
	Parameter C_LMB_AWIDTH bound to: 32 - type: integer 
	Parameter C_LMB_DWIDTH bound to: 32 - type: integer 
	Parameter C_ECC bound to: 0 - type: integer 
	Parameter C_INTERCONNECT bound to: 0 - type: integer 
	Parameter C_FAULT_INJECT bound to: 0 - type: integer 
	Parameter C_CE_FAILING_REGISTERS bound to: 0 - type: integer 
	Parameter C_UE_FAILING_REGISTERS bound to: 0 - type: integer 
	Parameter C_ECC_STATUS_REGISTERS bound to: 0 - type: integer 
	Parameter C_ECC_ONOFF_REGISTER bound to: 0 - type: integer 
	Parameter C_ECC_ONOFF_RESET_VALUE bound to: 1 - type: integer 
	Parameter C_CE_COUNTER_WIDTH bound to: 0 - type: integer 
	Parameter C_WRITE_ACCESS bound to: 2 - type: integer 
	Parameter C_NUM_LMB bound to: 1 - type: integer 
	Parameter C_LMB_PROTOCOL bound to: 0 - type: integer 
	Parameter C_BRAM_AWIDTH bound to: 32 - type: integer 
	Parameter C_S_AXI_CTRL_BASEADDR bound to: 32'b11111111111111111111111111111111 
	Parameter C_S_AXI_CTRL_HIGHADDR bound to: 32'b00000000000000000000000000000000 
	Parameter C_S_AXI_CTRL_ADDR_WIDTH bound to: 32 - type: integer 
	Parameter C_S_AXI_CTRL_DATA_WIDTH bound to: 32 - type: integer 
	Parameter C_TARGET bound to: 2 - type: integer 
	Parameter C_BASEADDR bound to: 64'b0000000000000000000000000000000000000000000000000000000000000000 
	Parameter C_MASK bound to: 64'b0000000000000000000000000000000000000000000000000000000000000000 
	Parameter C_MASK1 bound to: 64'b0000000000000000000000000000000000000000100000000000000000000000 
	Parameter C_MASK2 bound to: 64'b0000000000000000000000000000000000000000100000000000000000000000 
	Parameter C_MASK3 bound to: 64'b0000000000000000000000000000000000000000100000000000000000000000 
	Parameter C_LMB_AWIDTH bound to: 32 - type: integer 
	Parameter C_LMB_DWIDTH bound to: 32 - type: integer 
	Parameter C_ECC bound to: 0 - type: integer 
	Parameter C_NUM_LMB bound to: 1 - type: integer 
	Parameter C_LMB_PROTOCOL bound to: 0 - type: integer 
INFO: [Synth 8-3491] module 'lmb_mux' declared at 'c:/Users/mafassi/Desktop/13MHz_UART_25Ko_parity - Copie/Vivado project/Microblaze5.gen/sources_1/bd/design_1/ipshared/0b98/hdl/lmb_bram_if_cntlr_v4_0_vh_rfs.vhd:2527' bound to instance 'lmb_mux_I' of component 'lmb_mux' [c:/Users/mafassi/Desktop/13MHz_UART_25Ko_parity - Copie/Vivado project/Microblaze5.gen/sources_1/bd/design_1/ipshared/0b98/hdl/lmb_bram_if_cntlr_v4_0_vh_rfs.vhd:3511]
INFO: [Synth 8-638] synthesizing module 'lmb_mux' [c:/Users/mafassi/Desktop/13MHz_UART_25Ko_parity - Copie/Vivado project/Microblaze5.gen/sources_1/bd/design_1/ipshared/0b98/hdl/lmb_bram_if_cntlr_v4_0_vh_rfs.vhd:2614]
	Parameter C_TARGET bound to: 2 - type: integer 
	Parameter C_BASEADDR bound to: 64'b0000000000000000000000000000000000000000000000000000000000000000 
	Parameter C_MASK bound to: 64'b0000000000000000000000000000000000000000000000000000000000000000 
	Parameter C_MASK1 bound to: 64'b0000000000000000000000000000000000000000100000000000000000000000 
	Parameter C_MASK2 bound to: 64'b0000000000000000000000000000000000000000100000000000000000000000 
	Parameter C_MASK3 bound to: 64'b0000000000000000000000000000000000000000100000000000000000000000 
	Parameter C_LMB_AWIDTH bound to: 32 - type: integer 
	Parameter C_LMB_DWIDTH bound to: 32 - type: integer 
	Parameter C_ECC bound to: 0 - type: integer 
	Parameter C_NUM_LMB bound to: 1 - type: integer 
	Parameter C_LMB_PROTOCOL bound to: 0 - type: integer 
	Parameter C_AW bound to: 32 - type: integer 
	Parameter C_BAR bound to: 64'b0000000000000000000000000000000000000000000000000000000000000000 
	Parameter C_MASK bound to: 64'b0000000000000000000000000000000000000000000000000000000000000000 
INFO: [Synth 8-3491] module 'pselect_mask' declared at 'c:/Users/mafassi/Desktop/13MHz_UART_25Ko_parity - Copie/Vivado project/Microblaze5.gen/sources_1/bd/design_1/ipshared/0b98/hdl/lmb_bram_if_cntlr_v4_0_vh_rfs.vhd:2110' bound to instance 'pselect_mask_lmb' of component 'pselect_mask' [c:/Users/mafassi/Desktop/13MHz_UART_25Ko_parity - Copie/Vivado project/Microblaze5.gen/sources_1/bd/design_1/ipshared/0b98/hdl/lmb_bram_if_cntlr_v4_0_vh_rfs.vhd:2681]
INFO: [Synth 8-638] synthesizing module 'pselect_mask' [c:/Users/mafassi/Desktop/13MHz_UART_25Ko_parity - Copie/Vivado project/Microblaze5.gen/sources_1/bd/design_1/ipshared/0b98/hdl/lmb_bram_if_cntlr_v4_0_vh_rfs.vhd:2125]
	Parameter C_AW bound to: 32 - type: integer 
	Parameter C_BAR bound to: 64'b0000000000000000000000000000000000000000000000000000000000000000 
	Parameter C_MASK bound to: 64'b0000000000000000000000000000000000000000000000000000000000000000 
INFO: [Synth 8-256] done synthesizing module 'pselect_mask' (1#1) [c:/Users/mafassi/Desktop/13MHz_UART_25Ko_parity - Copie/Vivado project/Microblaze5.gen/sources_1/bd/design_1/ipshared/0b98/hdl/lmb_bram_if_cntlr_v4_0_vh_rfs.vhd:2125]
INFO: [Synth 8-256] done synthesizing module 'lmb_mux' (2#1) [c:/Users/mafassi/Desktop/13MHz_UART_25Ko_parity - Copie/Vivado project/Microblaze5.gen/sources_1/bd/design_1/ipshared/0b98/hdl/lmb_bram_if_cntlr_v4_0_vh_rfs.vhd:2614]
INFO: [Synth 8-256] done synthesizing module 'lmb_bram_if_cntlr' (3#1) [c:/Users/mafassi/Desktop/13MHz_UART_25Ko_parity - Copie/Vivado project/Microblaze5.gen/sources_1/bd/design_1/ipshared/0b98/hdl/lmb_bram_if_cntlr_v4_0_vh_rfs.vhd:3259]
INFO: [Synth 8-256] done synthesizing module 'design_1_ilmb_bram_if_cntlr_0' (4#1) [c:/Users/mafassi/Desktop/13MHz_UART_25Ko_parity - Copie/Vivado project/Microblaze5.gen/sources_1/bd/design_1/ip/design_1_ilmb_bram_if_cntlr_0/synth/design_1_ilmb_bram_if_cntlr_0.vhd:84]
---------------------------------------------------------------------------------
Finished RTL Elaboration : Time (s): cpu = 00:00:10 ; elapsed = 00:00:23 . Memory (MB): peak = 1150.188 ; gain = 54.809
---------------------------------------------------------------------------------
---------------------------------------------------------------------------------
Start Handling Custom Attributes
---------------------------------------------------------------------------------
---------------------------------------------------------------------------------
Finished Handling Custom Attributes : Time (s): cpu = 00:00:11 ; elapsed = 00:00:27 . Memory (MB): peak = 1150.188 ; gain = 54.809
---------------------------------------------------------------------------------
---------------------------------------------------------------------------------
Finished RTL Optimization Phase 1 : Time (s): cpu = 00:00:11 ; elapsed = 00:00:27 . Memory (MB): peak = 1150.188 ; gain = 54.809
---------------------------------------------------------------------------------
Netlist sorting complete. Time (s): cpu = 00:00:00 ; elapsed = 00:00:00.018 . Memory (MB): peak = 1150.188 ; gain = 0.000
INFO: [Project 1-570] Preparing netlist for logic optimization

Processing XDC Constraints
Initializing timing engine
Parsing XDC File [c:/Users/mafassi/Desktop/13MHz_UART_25Ko_parity - Copie/Vivado project/Microblaze5.gen/sources_1/bd/design_1/ip/design_1_ilmb_bram_if_cntlr_0/design_1_ilmb_bram_if_cntlr_0_ooc.xdc] for cell 'U0'
Finished Parsing XDC File [c:/Users/mafassi/Desktop/13MHz_UART_25Ko_parity - Copie/Vivado project/Microblaze5.gen/sources_1/bd/design_1/ip/design_1_ilmb_bram_if_cntlr_0/design_1_ilmb_bram_if_cntlr_0_ooc.xdc] for cell 'U0'
Parsing XDC File [C:/Users/mafassi/Desktop/13MHz_UART_25Ko_parity - Copie/Vivado project/Microblaze5.runs/design_1_ilmb_bram_if_cntlr_0_synth_1/dont_touch.xdc]
Finished Parsing XDC File [C:/Users/mafassi/Desktop/13MHz_UART_25Ko_parity - Copie/Vivado project/Microblaze5.runs/design_1_ilmb_bram_if_cntlr_0_synth_1/dont_touch.xdc]
Completed Processing XDC Constraints

Netlist sorting complete. Time (s): cpu = 00:00:00 ; elapsed = 00:00:00 . Memory (MB): peak = 1209.352 ; gain = 0.000
INFO: [Project 1-111] Unisim Transformation Summary:
No Unisim elements were transformed.

Constraint Validation Runtime : Time (s): cpu = 00:00:00 ; elapsed = 00:00:00.063 . Memory (MB): peak = 1220.562 ; gain = 11.211
---------------------------------------------------------------------------------
Finished Constraint Validation : Time (s): cpu = 00:00:22 ; elapsed = 00:00:45 . Memory (MB): peak = 1220.562 ; gain = 125.184
---------------------------------------------------------------------------------
---------------------------------------------------------------------------------
Start Loading Part and Timing Information
---------------------------------------------------------------------------------
Loading part: xc7a35tcpg236-1
---------------------------------------------------------------------------------
Finished Loading Part and Timing Information : Time (s): cpu = 00:00:22 ; elapsed = 00:00:45 . Memory (MB): peak = 1220.562 ; gain = 125.184
---------------------------------------------------------------------------------
---------------------------------------------------------------------------------
Start Applying 'set_property' XDC Constraints
---------------------------------------------------------------------------------
Applied set_property KEEP_HIERARCHY = SOFT for U0. (constraint file  {C:/Users/mafassi/Desktop/13MHz_UART_25Ko_parity - Copie/Vivado project/Microblaze5.runs/design_1_ilmb_bram_if_cntlr_0_synth_1/dont_touch.xdc}, line 9).
---------------------------------------------------------------------------------
Finished applying 'set_property' XDC Constraints : Time (s): cpu = 00:00:22 ; elapsed = 00:00:45 . Memory (MB): peak = 1220.562 ; gain = 125.184
---------------------------------------------------------------------------------
---------------------------------------------------------------------------------
Finished RTL Optimization Phase 2 : Time (s): cpu = 00:00:22 ; elapsed = 00:00:46 . Memory (MB): peak = 1220.562 ; gain = 125.184
---------------------------------------------------------------------------------
---------------------------------------------------------------------------------
Start RTL Component Statistics 
---------------------------------------------------------------------------------
Detailed RTL Component Info : 
+---Registers : 
	                1 Bit    Registers := 2     
---------------------------------------------------------------------------------
Finished RTL Component Statistics 
---------------------------------------------------------------------------------
---------------------------------------------------------------------------------
Start Part Resource Summary
---------------------------------------------------------------------------------
Part Resources:
DSPs: 90 (col length:60)
BRAMs: 100 (col length: RAMB18 60 RAMB36 30)
---------------------------------------------------------------------------------
Finished Part Resource Summary
---------------------------------------------------------------------------------
---------------------------------------------------------------------------------
Start Cross Boundary and Area Optimization
---------------------------------------------------------------------------------
---------------------------------------------------------------------------------
Finished Cross Boundary and Area Optimization : Time (s): cpu = 00:00:25 ; elapsed = 00:00:49 . Memory (MB): peak = 1220.562 ; gain = 125.184
---------------------------------------------------------------------------------
---------------------------------------------------------------------------------
Start Applying XDC Timing Constraints
---------------------------------------------------------------------------------
---------------------------------------------------------------------------------
Finished Applying XDC Timing Constraints : Time (s): cpu = 00:00:36 ; elapsed = 00:01:00 . Memory (MB): peak = 1235.359 ; gain = 139.980
---------------------------------------------------------------------------------
---------------------------------------------------------------------------------
Start Timing Optimization
---------------------------------------------------------------------------------
---------------------------------------------------------------------------------
Finished Timing Optimization : Time (s): cpu = 00:00:36 ; elapsed = 00:01:00 . Memory (MB): peak = 1235.434 ; gain = 140.055
---------------------------------------------------------------------------------
---------------------------------------------------------------------------------
Start Technology Mapping
---------------------------------------------------------------------------------
---------------------------------------------------------------------------------
Finished Technology Mapping : Time (s): cpu = 00:00:36 ; elapsed = 00:01:00 . Memory (MB): peak = 1254.539 ; gain = 159.160
---------------------------------------------------------------------------------
---------------------------------------------------------------------------------
Start IO Insertion
---------------------------------------------------------------------------------
---------------------------------------------------------------------------------
Start Flattening Before IO Insertion
---------------------------------------------------------------------------------
---------------------------------------------------------------------------------
Finished Flattening Before IO Insertion
---------------------------------------------------------------------------------
---------------------------------------------------------------------------------
Start Final Netlist Cleanup
---------------------------------------------------------------------------------
---------------------------------------------------------------------------------
Finished Final Netlist Cleanup
---------------------------------------------------------------------------------
---------------------------------------------------------------------------------
Finished IO Insertion : Time (s): cpu = 00:00:43 ; elapsed = 00:01:08 . Memory (MB): peak = 1260.316 ; gain = 164.938
---------------------------------------------------------------------------------
---------------------------------------------------------------------------------
Start Renaming Generated Instances
---------------------------------------------------------------------------------
---------------------------------------------------------------------------------
Finished Renaming Generated Instances : Time (s): cpu = 00:00:43 ; elapsed = 00:01:08 . Memory (MB): peak = 1260.316 ; gain = 164.938
---------------------------------------------------------------------------------
---------------------------------------------------------------------------------
Start Rebuilding User Hierarchy
---------------------------------------------------------------------------------
---------------------------------------------------------------------------------
Finished Rebuilding User Hierarchy : Time (s): cpu = 00:00:43 ; elapsed = 00:01:08 . Memory (MB): peak = 1260.316 ; gain = 164.938
---------------------------------------------------------------------------------
---------------------------------------------------------------------------------
Start Renaming Generated Ports
---------------------------------------------------------------------------------
---------------------------------------------------------------------------------
Finished Renaming Generated Ports : Time (s): cpu = 00:00:43 ; elapsed = 00:01:08 . Memory (MB): peak = 1260.316 ; gain = 164.938
---------------------------------------------------------------------------------
---------------------------------------------------------------------------------
Start Handling Custom Attributes
---------------------------------------------------------------------------------
---------------------------------------------------------------------------------
Finished Handling Custom Attributes : Time (s): cpu = 00:00:43 ; elapsed = 00:01:08 . Memory (MB): peak = 1260.316 ; gain = 164.938
---------------------------------------------------------------------------------
---------------------------------------------------------------------------------
Start Renaming Generated Nets
---------------------------------------------------------------------------------
---------------------------------------------------------------------------------
Finished Renaming Generated Nets : Time (s): cpu = 00:00:43 ; elapsed = 00:01:08 . Memory (MB): peak = 1260.316 ; gain = 164.938
---------------------------------------------------------------------------------
---------------------------------------------------------------------------------
Start Writing Synthesis Report
---------------------------------------------------------------------------------

Report BlackBoxes: 
+-+--------------+----------+
| |BlackBox name |Instances |
+-+--------------+----------+
+-+--------------+----------+

Report Cell Usage: 
+------+-----+------+
|      |Cell |Count |
+------+-----+------+
|1     |LUT1 |     1|
|2     |LUT2 |     6|
|3     |FDRE |     2|
+------+-----+------+
---------------------------------------------------------------------------------
Finished Writing Synthesis Report : Time (s): cpu = 00:00:43 ; elapsed = 00:01:08 . Memory (MB): peak = 1260.316 ; gain = 164.938
---------------------------------------------------------------------------------
Synthesis finished with 0 errors, 0 critical warnings and 0 warnings.
Synthesis Optimization Runtime : Time (s): cpu = 00:00:28 ; elapsed = 00:00:58 . Memory (MB): peak = 1260.316 ; gain = 94.562
Synthesis Optimization Complete : Time (s): cpu = 00:00:43 ; elapsed = 00:01:08 . Memory (MB): peak = 1260.316 ; gain = 164.938
INFO: [Project 1-571] Translating synthesized netlist
Netlist sorting complete. Time (s): cpu = 00:00:00 ; elapsed = 00:00:00.013 . Memory (MB): peak = 1272.391 ; gain = 0.000
INFO: [Project 1-570] Preparing netlist for logic optimization
INFO: [Opt 31-138] Pushed 0 inverter(s) to 0 load pin(s).
Netlist sorting complete. Time (s): cpu = 00:00:00 ; elapsed = 00:00:00.001 . Memory (MB): peak = 1275.891 ; gain = 0.000
INFO: [Project 1-111] Unisim Transformation Summary:
No Unisim elements were transformed.

INFO: [Common 17-83] Releasing license: Synthesis
28 Infos, 2 Warnings, 0 Critical Warnings and 0 Errors encountered.
synth_design completed successfully
synth_design: Time (s): cpu = 00:00:55 ; elapsed = 00:01:28 . Memory (MB): peak = 1275.891 ; gain = 180.512
INFO: [Common 17-600] The following parameters have non-default value.
general.maxThreads
INFO: [Common 17-1381] The checkpoint 'C:/Users/mafassi/Desktop/13MHz_UART_25Ko_parity - Copie/Vivado project/Microblaze5.runs/design_1_ilmb_bram_if_cntlr_0_synth_1/design_1_ilmb_bram_if_cntlr_0.dcp' has been generated.
WARNING: [Common 17-576] 'use_project_ipc' is deprecated. This option is deprecated and no longer used.
INFO: [Coretcl 2-1648] Added synthesis output to IP cache for IP design_1_ilmb_bram_if_cntlr_0, cache-ID = d4385b03f4177a2e
INFO: [Common 17-1381] The checkpoint 'C:/Users/mafassi/Desktop/13MHz_UART_25Ko_parity - Copie/Vivado project/Microblaze5.runs/design_1_ilmb_bram_if_cntlr_0_synth_1/design_1_ilmb_bram_if_cntlr_0.dcp' has been generated.
INFO: [runtcl-4] Executing : report_utilization -file design_1_ilmb_bram_if_cntlr_0_utilization_synth.rpt -pb design_1_ilmb_bram_if_cntlr_0_utilization_synth.pb
INFO: [Common 17-206] Exiting Vivado at Fri Aug 11 15:13:12 2023...
